<?xml version="1.0" encoding="UTF-8"?>
<testsuite xmlns:xsi="http://www.w3.org/2001/XMLSchema-instance" xsi:noNamespaceSchemaLocation="https://maven.apache.org/surefire/maven-surefire-plugin/xsd/surefire-test-report-3.0.xsd" version="3.0" name="TestSuite" time="92.652" tests="9" errors="0" skipped="0" failures="0">
  <properties>
[...]
</properties>
  <testcase name="LogInTest[standard_user, secret_sauce, Swag Labs, ValidData](1)" classname="tests.LoginTest" time="0.626">
    <system-out><![CDATA[2025-08-09T14:15:34.052696400Z main ERROR Log4j API could not find a logging provider.
standard_user|secret_sauce|Swag Labs|ValidData|
Epic sadface: Username is required|InValidData|
standard_user|Epic sadface: Password is required|InValidPassword|
secret_sauce|Epic sadface: Username is required|InValidUsername|
]]></system-out>
    <system-err><![CDATA[SLF4J(W): No SLF4J providers were found.
SLF4J(W): Defaulting to no-operation (NOP) logger implementation
SLF4J(W): See https://www.slf4j.org/codes.html#noProviders for further details.
]]></system-err>
  </testcase>
  <testcase name="LogInTest[, , Epic sadface: Username is required, InValidData](2)" classname="tests.LoginTest" time="0.444"/>
  <testcase name="LogInTest[standard_user, , Epic sadface: Password is required, InValidPassword](3)" classname="tests.LoginTest" time="0.507"/>
  <testcase name="LogInTest[, secret_sauce, Epic sadface: Username is required, InValidUsername](4)" classname="tests.LoginTest" time="0.474"/>
  <testcase name="CartfunctionTesting" classname="tests.CartFunctionTesting" time="1.287">
    <system-out><![CDATA[Test Passed: Product added to cart.
]]></system-out>
  </testcase>
  <testcase name="CartfunctionTesting" classname="tests.RemoveItemTest" time="25.703">
    <system-out><![CDATA[Backpack has been successfully removed from the cart.
]]></system-out>
  </testcase>
  <testcase name="CartfunctionTesting" classname="tests.TotalOfMutipleItemsTest" time="1.171"/>
  <testcase name="CartfunctionTesting" classname="tests.PlacingOrderTest" time="1.232">
    <system-out><![CDATA[Order Placed Successfully
]]></system-out>
  </testcase>
  <testcase name="CartfunctionTesting" classname="tests.LogoutTest" time="1.316">
    <system-out><![CDATA[Logout worked. Current URL: https://www.saucedemo.com/
]]></system-out>
  </testcase>
</testsuite>