<?xml version="1.0" encoding="UTF-8"?>
<testng-results ignored="0" total="22" passed="21" failed="1" skipped="0">
  <reporter-output>
  </reporter-output>
  <suite started-at="2025-09-22T17:24:11 IST" name="Suite" finished-at="2025-09-22T17:27:07 IST" duration-ms="176000">
    <groups>
    </groups>
    <test started-at="2025-09-22T17:24:11 IST" name="Test" finished-at="2025-09-22T17:27:07 IST" duration-ms="176000">
      <class name="tests.TC_002_SignUpTest">
        <test-method is-config="true" signature="setup()[pri:0, instance:tests.TC_002_SignUpTest@77f1baf5]" started-at="2025-09-22T17:24:11 IST" name="setup" finished-at="2025-09-22T17:24:11 IST" duration-ms="1" status="PASS">
          <reporter-output>
          </reporter-output>
        </test-method> <!-- setup -->
        <test-method is-config="true" signature="testDeatils()[pri:0, instance:tests.TC_002_SignUpTest@77f1baf5]" started-at="2025-09-22T17:25:00 IST" name="testDeatils" finished-at="2025-09-22T17:25:00 IST" duration-ms="1" status="PASS">
          <reporter-output>
          </reporter-output>
        </test-method> <!-- testDeatils -->
        <test-method is-config="true" signature="browserLaunchAndUrlLoad(java.lang.String,java.lang.String)[pri:0, instance:tests.TC_002_SignUpTest@77f1baf5]" started-at="2025-09-22T17:25:00 IST" name="browserLaunchAndUrlLoad" finished-at="2025-09-22T17:25:03 IST" duration-ms="3424" status="PASS">
          <params>
            <param index="0">
              <value>
                <![CDATA[Chrome]]>
              </value>
            </param>
            <param index="1">
              <value>
                <![CDATA[https://thinking-tester-contact-list.herokuapp.com/]]>
              </value>
            </param>
          </params>
          <reporter-output>
          </reporter-output>
        </test-method> <!-- browserLaunchAndUrlLoad -->
        <test-method signature="signUpTest(java.lang.String,java.lang.String,java.lang.String,java.lang.String,java.lang.String,java.lang.String)[pri:0, instance:tests.TC_002_SignUpTest@77f1baf5]" started-at="2025-09-22T17:25:03 IST" name="signUpTest" data-provider="SignUpData" finished-at="2025-09-22T17:25:05 IST" duration-ms="1164" status="PASS">
          <params>
            <param index="0">
              <value>
                <![CDATA[Dharun]]>
              </value>
            </param>
            <param index="1">
              <value>
                <![CDATA[Kumar]]>
              </value>
            </param>
            <param index="2">
              <value>
                <![CDATA[dharunkumar@gmail.com]]>
              </value>
            </param>
            <param index="3">
              <value>
                <![CDATA[demo@123]]>
              </value>
            </param>
            <param index="4">
              <value>
                <![CDATA[Valid]]>
              </value>
            </param>
            <param index="5">
              <value>
                <![CDATA[Login]]>
              </value>
            </param>
          </params>
          <reporter-output>
          </reporter-output>
        </test-method> <!-- signUpTest -->
        <test-method is-config="true" signature="browserLaunchAndUrlLoad(java.lang.String,java.lang.String)[pri:0, instance:tests.TC_002_SignUpTest@77f1baf5]" started-at="2025-09-22T17:25:05 IST" name="browserLaunchAndUrlLoad" finished-at="2025-09-22T17:25:08 IST" duration-ms="3152" status="PASS">
          <params>
            <param index="0">
              <value>
                <![CDATA[Chrome]]>
              </value>
            </param>
            <param index="1">
              <value>
                <![CDATA[https://thinking-tester-contact-list.herokuapp.com/]]>
              </value>
            </param>
          </params>
          <reporter-output>
          </reporter-output>
        </test-method> <!-- browserLaunchAndUrlLoad -->
        <test-method signature="signUpTest(java.lang.String,java.lang.String,java.lang.String,java.lang.String,java.lang.String,java.lang.String)[pri:0, instance:tests.TC_002_SignUpTest@77f1baf5]" started-at="2025-09-22T17:25:08 IST" name="signUpTest" data-provider="SignUpData" finished-at="2025-09-22T17:25:09 IST" duration-ms="1201" status="PASS">
          <params>
            <param index="0">
              <value>
                <![CDATA[Haresh]]>
              </value>
            </param>
            <param index="1">
              <value>
                <![CDATA[Kumar]]>
              </value>
            </param>
            <param index="2">
              <value>
                <![CDATA[hareshkumar@gmail.com]]>
              </value>
            </param>
            <param index="3">
              <value>
                <![CDATA[demo123]]>
              </value>
            </param>
            <param index="4">
              <value>
                <![CDATA[Mismatch]]>
              </value>
            </param>
            <param index="5">
              <value>
                <![CDATA[Passwords do not match]]>
              </value>
            </param>
          </params>
          <reporter-output>
          </reporter-output>
        </test-method> <!-- signUpTest -->
        <test-method is-config="true" signature="browserLaunchAndUrlLoad(java.lang.String,java.lang.String)[pri:0, instance:tests.TC_002_SignUpTest@77f1baf5]" started-at="2025-09-22T17:25:09 IST" name="browserLaunchAndUrlLoad" finished-at="2025-09-22T17:25:13 IST" duration-ms="3206" status="PASS">
          <params>
            <param index="0">
              <value>
                <![CDATA[Chrome]]>
              </value>
            </param>
            <param index="1">
              <value>
                <![CDATA[https://thinking-tester-contact-list.herokuapp.com/]]>
              </value>
            </param>
          </params>
          <reporter-output>
          </reporter-output>
        </test-method> <!-- browserLaunchAndUrlLoad -->
        <test-method signature="signUpTest(java.lang.String,java.lang.String,java.lang.String,java.lang.String,java.lang.String,java.lang.String)[pri:0, instance:tests.TC_002_SignUpTest@77f1baf5]" started-at="2025-09-22T17:25:13 IST" name="signUpTest" data-provider="SignUpData" finished-at="2025-09-22T17:25:14 IST" duration-ms="1288" status="PASS">
          <params>
            <param index="0">
              <value>
                <![CDATA[ ]]>
              </value>
            </param>
            <param index="1">
              <value>
                <![CDATA[ ]]>
              </value>
            </param>
            <param index="2">
              <value>
                <![CDATA[ ]]>
              </value>
            </param>
            <param index="3">
              <value>
                <![CDATA[ ]]>
              </value>
            </param>
            <param index="4">
              <value>
                <![CDATA[BlankFields]]>
              </value>
            </param>
            <param index="5">
              <value>
                <![CDATA[Required field messages shown]]>
              </value>
            </param>
          </params>
          <reporter-output>
          </reporter-output>
        </test-method> <!-- signUpTest -->
        <test-method is-config="true" signature="browserLaunchAndUrlLoad(java.lang.String,java.lang.String)[pri:0, instance:tests.TC_002_SignUpTest@77f1baf5]" started-at="2025-09-22T17:25:14 IST" name="browserLaunchAndUrlLoad" finished-at="2025-09-22T17:25:17 IST" duration-ms="3244" status="PASS">
          <params>
            <param index="0">
              <value>
                <![CDATA[Chrome]]>
              </value>
            </param>
            <param index="1">
              <value>
                <![CDATA[https://thinking-tester-contact-list.herokuapp.com/]]>
              </value>
            </param>
          </params>
          <reporter-output>
          </reporter-output>
        </test-method> <!-- browserLaunchAndUrlLoad -->
        <test-method signature="signUpTest(java.lang.String,java.lang.String,java.lang.String,java.lang.String,java.lang.String,java.lang.String)[pri:0, instance:tests.TC_002_SignUpTest@77f1baf5]" started-at="2025-09-22T17:25:17 IST" name="signUpTest" data-provider="SignUpData" finished-at="2025-09-22T17:25:19 IST" duration-ms="1301" status="PASS">
          <params>
            <param index="0">
              <value>
                <![CDATA[Nithulan]]>
              </value>
            </param>
            <param index="1">
              <value>
                <![CDATA[Dharun]]>
              </value>
            </param>
            <param index="2">
              <value>
                <![CDATA[dharunkumar@gmail.com]]>
              </value>
            </param>
            <param index="3">
              <value>
                <![CDATA[demo@123]]>
              </value>
            </param>
            <param index="4">
              <value>
                <![CDATA[Duplicate]]>
              </value>
            </param>
            <param index="5">
              <value>
                <![CDATA[Email already exists]]>
              </value>
            </param>
          </params>
          <reporter-output>
          </reporter-output>
        </test-method> <!-- signUpTest -->
        <test-method is-config="true" signature="teardown()[pri:0, instance:tests.TC_002_SignUpTest@77f1baf5]" started-at="2025-09-22T17:25:19 IST" name="teardown" finished-at="2025-09-22T17:25:19 IST" duration-ms="252" status="PASS">
          <reporter-output>
          </reporter-output>
        </test-method> <!-- teardown -->
      </class> <!-- tests.TC_002_SignUpTest -->
      <class name="tests.TC_003_AddContactTest">
        <test-method is-config="true" signature="setup()[pri:0, instance:tests.TC_003_AddContactTest@7d20d0b]" started-at="2025-09-22T17:24:11 IST" name="setup" finished-at="2025-09-22T17:24:11 IST" duration-ms="1" status="PASS">
          <reporter-output>
          </reporter-output>
        </test-method> <!-- setup -->
        <test-method is-config="true" signature="testDeatils()[pri:0, instance:tests.TC_003_AddContactTest@7d20d0b]" started-at="2025-09-22T17:24:30 IST" name="testDeatils" finished-at="2025-09-22T17:24:30 IST" duration-ms="1" status="PASS">
          <reporter-output>
          </reporter-output>
        </test-method> <!-- testDeatils -->
        <test-method is-config="true" signature="browserLaunchAndUrlLoad(java.lang.String,java.lang.String)[pri:0, instance:tests.TC_003_AddContactTest@7d20d0b]" started-at="2025-09-22T17:24:30 IST" name="browserLaunchAndUrlLoad" finished-at="2025-09-22T17:24:34 IST" duration-ms="3780" status="PASS">
          <params>
            <param index="0">
              <value>
                <![CDATA[Chrome]]>
              </value>
            </param>
            <param index="1">
              <value>
                <![CDATA[https://thinking-tester-contact-list.herokuapp.com/]]>
              </value>
            </param>
          </params>
          <reporter-output>
          </reporter-output>
        </test-method> <!-- browserLaunchAndUrlLoad -->
        <test-method signature="addContactTest(java.lang.String,java.lang.String,java.lang.String,java.lang.String,java.lang.String,java.lang.String,java.lang.String,java.lang.String,java.lang.String,java.lang.String,java.lang.String,java.lang.String,java.lang.String,java.lang.String,java.lang.String)[pri:0, instance:tests.TC_003_AddContactTest@7d20d0b]" started-at="2025-09-22T17:24:34 IST" name="addContactTest" data-provider="AddContactData" finished-at="2025-09-22T17:24:38 IST" duration-ms="3807" status="PASS">
          <params>
            <param index="0">
              <value>
                <![CDATA[demouser33@gmail.com]]>
              </value>
            </param>
            <param index="1">
              <value>
                <![CDATA[demouser1]]>
              </value>
            </param>
            <param index="2">
              <value>
                <![CDATA[Haresh]]>
              </value>
            </param>
            <param index="3">
              <value>
                <![CDATA[kumar]]>
              </value>
            </param>
            <param index="4">
              <value>
                <![CDATA[1999-10-03]]>
              </value>
            </param>
            <param index="5">
              <value>
                <![CDATA[hareshkumar@gmail.com]]>
              </value>
            </param>
            <param index="6">
              <value>
                <![CDATA[1234567890]]>
              </value>
            </param>
            <param index="7">
              <value>
                <![CDATA[Street 1]]>
              </value>
            </param>
            <param index="8">
              <value>
                <![CDATA[Apt 2]]>
              </value>
            </param>
            <param index="9">
              <value>
                <![CDATA[pri]]>
              </value>
            </param>
            <param index="10">
              <value>
                <![CDATA[tn]]>
              </value>
            </param>
            <param index="11">
              <value>
                <![CDATA[638052]]>
              </value>
            </param>
            <param index="12">
              <value>
                <![CDATA[IND]]>
              </value>
            </param>
            <param index="13">
              <value>
                <![CDATA[Valid]]>
              </value>
            </param>
            <param index="14">
              <value>
                <![CDATA[Contact added successfully]]>
              </value>
            </param>
          </params>
          <reporter-output>
          </reporter-output>
        </test-method> <!-- addContactTest -->
        <test-method is-config="true" signature="browserLaunchAndUrlLoad(java.lang.String,java.lang.String)[pri:0, instance:tests.TC_003_AddContactTest@7d20d0b]" started-at="2025-09-22T17:24:39 IST" name="browserLaunchAndUrlLoad" finished-at="2025-09-22T17:24:43 IST" duration-ms="3992" status="PASS">
          <params>
            <param index="0">
              <value>
                <![CDATA[Chrome]]>
              </value>
            </param>
            <param index="1">
              <value>
                <![CDATA[https://thinking-tester-contact-list.herokuapp.com/]]>
              </value>
            </param>
          </params>
          <reporter-output>
          </reporter-output>
        </test-method> <!-- browserLaunchAndUrlLoad -->
        <test-method signature="addContactTest(java.lang.String,java.lang.String,java.lang.String,java.lang.String,java.lang.String,java.lang.String,java.lang.String,java.lang.String,java.lang.String,java.lang.String,java.lang.String,java.lang.String,java.lang.String,java.lang.String,java.lang.String)[pri:0, instance:tests.TC_003_AddContactTest@7d20d0b]" started-at="2025-09-22T17:24:43 IST" name="addContactTest" data-provider="AddContactData" finished-at="2025-09-22T17:24:46 IST" duration-ms="2884" status="PASS">
          <params>
            <param index="0">
              <value>
                <![CDATA[demouser33@gmail.com]]>
              </value>
            </param>
            <param index="1">
              <value>
                <![CDATA[demouser1]]>
              </value>
            </param>
            <param index="2">
              <value>
                <![CDATA[ ]]>
              </value>
            </param>
            <param index="3">
              <value>
                <![CDATA[ ]]>
              </value>
            </param>
            <param index="4">
              <value>
                <![CDATA[ ]]>
              </value>
            </param>
            <param index="5">
              <value>
                <![CDATA[user@gamil.com]]>
              </value>
            </param>
            <param index="6">
              <value>
                <![CDATA[1234567890]]>
              </value>
            </param>
            <param index="7">
              <value>
                <![CDATA[Street 3]]>
              </value>
            </param>
            <param index="8">
              <value>
                <![CDATA[Apt 4]]>
              </value>
            </param>
            <param index="9">
              <value>
                <![CDATA[pri]]>
              </value>
            </param>
            <param index="10">
              <value>
                <![CDATA[tn]]>
              </value>
            </param>
            <param index="11">
              <value>
                <![CDATA[638052]]>
              </value>
            </param>
            <param index="12">
              <value>
                <![CDATA[IND]]>
              </value>
            </param>
            <param index="13">
              <value>
                <![CDATA[No Name]]>
              </value>
            </param>
            <param index="14">
              <value>
                <![CDATA[First Name is required, Last Name is required]]>
              </value>
            </param>
          </params>
          <reporter-output>
          </reporter-output>
        </test-method> <!-- addContactTest -->
        <test-method is-config="true" signature="browserLaunchAndUrlLoad(java.lang.String,java.lang.String)[pri:0, instance:tests.TC_003_AddContactTest@7d20d0b]" started-at="2025-09-22T17:24:46 IST" name="browserLaunchAndUrlLoad" finished-at="2025-09-22T17:24:50 IST" duration-ms="3756" status="PASS">
          <params>
            <param index="0">
              <value>
                <![CDATA[Chrome]]>
              </value>
            </param>
            <param index="1">
              <value>
                <![CDATA[https://thinking-tester-contact-list.herokuapp.com/]]>
              </value>
            </param>
          </params>
          <reporter-output>
          </reporter-output>
        </test-method> <!-- browserLaunchAndUrlLoad -->
        <test-method signature="addContactTest(java.lang.String,java.lang.String,java.lang.String,java.lang.String,java.lang.String,java.lang.String,java.lang.String,java.lang.String,java.lang.String,java.lang.String,java.lang.String,java.lang.String,java.lang.String,java.lang.String,java.lang.String)[pri:0, instance:tests.TC_003_AddContactTest@7d20d0b]" started-at="2025-09-22T17:24:50 IST" name="addContactTest" data-provider="AddContactData" finished-at="2025-09-22T17:24:53 IST" duration-ms="3030" status="PASS">
          <params>
            <param index="0">
              <value>
                <![CDATA[demouser33@gmail.com]]>
              </value>
            </param>
            <param index="1">
              <value>
                <![CDATA[demouser1]]>
              </value>
            </param>
            <param index="2">
              <value>
                <![CDATA[Akshaya]]>
              </value>
            </param>
            <param index="3">
              <value>
                <![CDATA[Saravanaraja]]>
              </value>
            </param>
            <param index="4">
              <value>
                <![CDATA[1996-09-25]]>
              </value>
            </param>
            <param index="5">
              <value>
                <![CDATA[akshaya@gmail.com]]>
              </value>
            </param>
            <param index="6">
              <value>
                <![CDATA[abcdefg]]>
              </value>
            </param>
            <param index="7">
              <value>
                <![CDATA[Road 5]]>
              </value>
            </param>
            <param index="8">
              <value>
                <![CDATA[road5]]>
              </value>
            </param>
            <param index="9">
              <value>
                <![CDATA[pri]]>
              </value>
            </param>
            <param index="10">
              <value>
                <![CDATA[tn]]>
              </value>
            </param>
            <param index="11">
              <value>
                <![CDATA[638052]]>
              </value>
            </param>
            <param index="12">
              <value>
                <![CDATA[IND]]>
              </value>
            </param>
            <param index="13">
              <value>
                <![CDATA[Invalid Phone]]>
              </value>
            </param>
            <param index="14">
              <value>
                <![CDATA[ ]]>
              </value>
            </param>
          </params>
          <reporter-output>
          </reporter-output>
        </test-method> <!-- addContactTest -->
        <test-method is-config="true" signature="browserLaunchAndUrlLoad(java.lang.String,java.lang.String)[pri:0, instance:tests.TC_003_AddContactTest@7d20d0b]" started-at="2025-09-22T17:24:53 IST" name="browserLaunchAndUrlLoad" finished-at="2025-09-22T17:24:56 IST" duration-ms="3574" status="PASS">
          <params>
            <param index="0">
              <value>
                <![CDATA[Chrome]]>
              </value>
            </param>
            <param index="1">
              <value>
                <![CDATA[https://thinking-tester-contact-list.herokuapp.com/]]>
              </value>
            </param>
          </params>
          <reporter-output>
          </reporter-output>
        </test-method> <!-- browserLaunchAndUrlLoad -->
        <test-method signature="addContactTest(java.lang.String,java.lang.String,java.lang.String,java.lang.String,java.lang.String,java.lang.String,java.lang.String,java.lang.String,java.lang.String,java.lang.String,java.lang.String,java.lang.String,java.lang.String,java.lang.String,java.lang.String)[pri:0, instance:tests.TC_003_AddContactTest@7d20d0b]" started-at="2025-09-22T17:24:56 IST" name="addContactTest" data-provider="AddContactData" finished-at="2025-09-22T17:24:59 IST" duration-ms="2999" status="PASS">
          <params>
            <param index="0">
              <value>
                <![CDATA[demouser33@gmail.com]]>
              </value>
            </param>
            <param index="1">
              <value>
                <![CDATA[demouser1]]>
              </value>
            </param>
            <param index="2">
              <value>
                <![CDATA[Dharun]]>
              </value>
            </param>
            <param index="3">
              <value>
                <![CDATA[kumar]]>
              </value>
            </param>
            <param index="4">
              <value>
                <![CDATA[1995-10-29]]>
              </value>
            </param>
            <param index="5">
              <value>
                <![CDATA[dharunkumar@gmail.com]]>
              </value>
            </param>
            <param index="6">
              <value>
                <![CDATA[1234567890]]>
              </value>
            </param>
            <param index="7">
              <value>
                <![CDATA[Street 1]]>
              </value>
            </param>
            <param index="8">
              <value>
                <![CDATA[Apt 2]]>
              </value>
            </param>
            <param index="9">
              <value>
                <![CDATA[pri]]>
              </value>
            </param>
            <param index="10">
              <value>
                <![CDATA[tn]]>
              </value>
            </param>
            <param index="11">
              <value>
                <![CDATA[638052]]>
              </value>
            </param>
            <param index="12">
              <value>
                <![CDATA[IND]]>
              </value>
            </param>
            <param index="13">
              <value>
                <![CDATA[Duplicate]]>
              </value>
            </param>
            <param index="14">
              <value>
                <![CDATA[Contact added successfully]]>
              </value>
            </param>
          </params>
          <reporter-output>
          </reporter-output>
        </test-method> <!-- addContactTest -->
        <test-method is-config="true" signature="teardown()[pri:0, instance:tests.TC_003_AddContactTest@7d20d0b]" started-at="2025-09-22T17:25:00 IST" name="teardown" finished-at="2025-09-22T17:25:00 IST" duration-ms="232" status="PASS">
          <reporter-output>
          </reporter-output>
        </test-method> <!-- teardown -->
      </class> <!-- tests.TC_003_AddContactTest -->
      <class name="tests.TC_001_LoginTest">
        <test-method is-config="true" signature="createReport()[pri:0, instance:tests.TC_001_LoginTest@544fa968]" started-at="2025-09-22T17:24:10 IST" name="createReport" finished-at="2025-09-22T17:24:11 IST" duration-ms="349" status="PASS">
          <reporter-output>
          </reporter-output>
        </test-method> <!-- createReport -->
        <test-method is-config="true" signature="setup()[pri:0, instance:tests.TC_001_LoginTest@544fa968]" started-at="2025-09-22T17:24:11 IST" name="setup" finished-at="2025-09-22T17:24:11 IST" duration-ms="1" status="PASS">
          <reporter-output>
          </reporter-output>
        </test-method> <!-- setup -->
        <test-method is-config="true" signature="testDeatils()[pri:0, instance:tests.TC_001_LoginTest@544fa968]" started-at="2025-09-22T17:24:11 IST" name="testDeatils" finished-at="2025-09-22T17:24:11 IST" duration-ms="10" status="PASS">
          <reporter-output>
          </reporter-output>
        </test-method> <!-- testDeatils -->
        <test-method is-config="true" signature="browserLaunchAndUrlLoad(java.lang.String,java.lang.String)[pri:0, instance:tests.TC_001_LoginTest@544fa968]" started-at="2025-09-22T17:24:12 IST" name="browserLaunchAndUrlLoad" finished-at="2025-09-22T17:24:17 IST" duration-ms="4804" status="PASS">
          <params>
            <param index="0">
              <value>
                <![CDATA[Chrome]]>
              </value>
            </param>
            <param index="1">
              <value>
                <![CDATA[https://thinking-tester-contact-list.herokuapp.com/]]>
              </value>
            </param>
          </params>
          <reporter-output>
          </reporter-output>
        </test-method> <!-- browserLaunchAndUrlLoad -->
        <test-method signature="loginTest(java.lang.String,java.lang.String,java.lang.String,java.lang.String)[pri:0, instance:tests.TC_001_LoginTest@544fa968]" started-at="2025-09-22T17:24:17 IST" name="loginTest" data-provider="LoginData" finished-at="2025-09-22T17:24:17 IST" duration-ms="405" status="PASS">
          <params>
            <param index="0">
              <value>
                <![CDATA[demouser33@gmail.com]]>
              </value>
            </param>
            <param index="1">
              <value>
                <![CDATA[demouser1]]>
              </value>
            </param>
            <param index="2">
              <value>
                <![CDATA[Valid]]>
              </value>
            </param>
            <param index="3">
              <value>
                <![CDATA[Contact List]]>
              </value>
            </param>
          </params>
          <reporter-output>
          </reporter-output>
        </test-method> <!-- loginTest -->
        <test-method is-config="true" signature="browserLaunchAndUrlLoad(java.lang.String,java.lang.String)[pri:0, instance:tests.TC_001_LoginTest@544fa968]" started-at="2025-09-22T17:24:17 IST" name="browserLaunchAndUrlLoad" finished-at="2025-09-22T17:24:20 IST" duration-ms="3071" status="PASS">
          <params>
            <param index="0">
              <value>
                <![CDATA[Chrome]]>
              </value>
            </param>
            <param index="1">
              <value>
                <![CDATA[https://thinking-tester-contact-list.herokuapp.com/]]>
              </value>
            </param>
          </params>
          <reporter-output>
          </reporter-output>
        </test-method> <!-- browserLaunchAndUrlLoad -->
        <test-method signature="loginTest(java.lang.String,java.lang.String,java.lang.String,java.lang.String)[pri:0, instance:tests.TC_001_LoginTest@544fa968]" started-at="2025-09-22T17:24:20 IST" name="loginTest" data-provider="LoginData" finished-at="2025-09-22T17:24:21 IST" duration-ms="329" status="PASS">
          <params>
            <param index="0">
              <value>
                <![CDATA[demouser@gmail.com]]>
              </value>
            </param>
            <param index="1">
              <value>
                <![CDATA[demouser]]>
              </value>
            </param>
            <param index="2">
              <value>
                <![CDATA[Invalid]]>
              </value>
            </param>
            <param index="3">
              <value>
                <![CDATA[Incorrect email or password]]>
              </value>
            </param>
          </params>
          <reporter-output>
          </reporter-output>
        </test-method> <!-- loginTest -->
        <test-method is-config="true" signature="browserLaunchAndUrlLoad(java.lang.String,java.lang.String)[pri:0, instance:tests.TC_001_LoginTest@544fa968]" started-at="2025-09-22T17:24:21 IST" name="browserLaunchAndUrlLoad" finished-at="2025-09-22T17:24:24 IST" duration-ms="3481" status="PASS">
          <params>
            <param index="0">
              <value>
                <![CDATA[Chrome]]>
              </value>
            </param>
            <param index="1">
              <value>
                <![CDATA[https://thinking-tester-contact-list.herokuapp.com/]]>
              </value>
            </param>
          </params>
          <reporter-output>
          </reporter-output>
        </test-method> <!-- browserLaunchAndUrlLoad -->
        <test-method signature="loginTest(java.lang.String,java.lang.String,java.lang.String,java.lang.String)[pri:0, instance:tests.TC_001_LoginTest@544fa968]" started-at="2025-09-22T17:24:24 IST" name="loginTest" data-provider="LoginData" finished-at="2025-09-22T17:24:25 IST" duration-ms="302" status="PASS">
          <params>
            <param index="0">
              <value>
                <![CDATA[ ]]>
              </value>
            </param>
            <param index="1">
              <value>
                <![CDATA[demouser1]]>
              </value>
            </param>
            <param index="2">
              <value>
                <![CDATA[NoEmail]]>
              </value>
            </param>
            <param index="3">
              <value>
                <![CDATA[Email is required]]>
              </value>
            </param>
          </params>
          <reporter-output>
          </reporter-output>
        </test-method> <!-- loginTest -->
        <test-method is-config="true" signature="browserLaunchAndUrlLoad(java.lang.String,java.lang.String)[pri:0, instance:tests.TC_001_LoginTest@544fa968]" started-at="2025-09-22T17:24:25 IST" name="browserLaunchAndUrlLoad" finished-at="2025-09-22T17:24:28 IST" duration-ms="3394" status="PASS">
          <params>
            <param index="0">
              <value>
                <![CDATA[Chrome]]>
              </value>
            </param>
            <param index="1">
              <value>
                <![CDATA[https://thinking-tester-contact-list.herokuapp.com/]]>
              </value>
            </param>
          </params>
          <reporter-output>
          </reporter-output>
        </test-method> <!-- browserLaunchAndUrlLoad -->
        <test-method signature="loginTest(java.lang.String,java.lang.String,java.lang.String,java.lang.String)[pri:0, instance:tests.TC_001_LoginTest@544fa968]" started-at="2025-09-22T17:24:28 IST" name="loginTest" data-provider="LoginData" finished-at="2025-09-22T17:24:29 IST" duration-ms="456" status="PASS">
          <params>
            <param index="0">
              <value>
                <![CDATA[demousergmail.com]]>
              </value>
            </param>
            <param index="1">
              <value>
                <![CDATA[demouser1]]>
              </value>
            </param>
            <param index="2">
              <value>
                <![CDATA[BadEmail]]>
              </value>
            </param>
            <param index="3">
              <value>
                <![CDATA[Invalid email format]]>
              </value>
            </param>
          </params>
          <reporter-output>
          </reporter-output>
        </test-method> <!-- loginTest -->
        <test-method is-config="true" signature="teardown()[pri:0, instance:tests.TC_001_LoginTest@544fa968]" started-at="2025-09-22T17:24:29 IST" name="teardown" finished-at="2025-09-22T17:24:30 IST" duration-ms="1274" status="PASS">
          <reporter-output>
          </reporter-output>
        </test-method> <!-- teardown -->
        <test-method is-config="true" signature="closeReport()[pri:0, instance:tests.TC_001_LoginTest@544fa968]" started-at="2025-09-22T17:27:07 IST" name="closeReport" finished-at="2025-09-22T17:27:07 IST" duration-ms="570" status="PASS">
          <reporter-output>
          </reporter-output>
        </test-method> <!-- closeReport -->
      </class> <!-- tests.TC_001_LoginTest -->
      <class name="tests.TC_006_NavigationTest">
        <test-method is-config="true" signature="setup()[pri:0, instance:tests.TC_006_NavigationTest@6c40365c]" started-at="2025-09-22T17:24:11 IST" name="setup" finished-at="2025-09-22T17:24:11 IST" duration-ms="1" status="PASS">
          <reporter-output>
          </reporter-output>
        </test-method> <!-- setup -->
        <test-method is-config="true" signature="testDeatils()[pri:0, instance:tests.TC_006_NavigationTest@6c40365c]" started-at="2025-09-22T17:25:43 IST" name="testDeatils" finished-at="2025-09-22T17:25:43 IST" duration-ms="2" status="PASS">
          <reporter-output>
          </reporter-output>
        </test-method> <!-- testDeatils -->
        <test-method is-config="true" signature="browserLaunchAndUrlLoad(java.lang.String,java.lang.String)[pri:0, instance:tests.TC_006_NavigationTest@6c40365c]" started-at="2025-09-22T17:25:43 IST" name="browserLaunchAndUrlLoad" finished-at="2025-09-22T17:25:47 IST" duration-ms="3378" status="PASS">
          <params>
            <param index="0">
              <value>
                <![CDATA[Chrome]]>
              </value>
            </param>
            <param index="1">
              <value>
                <![CDATA[https://thinking-tester-contact-list.herokuapp.com/]]>
              </value>
            </param>
          </params>
          <reporter-output>
          </reporter-output>
        </test-method> <!-- browserLaunchAndUrlLoad -->
        <test-method signature="NavigationTest()[pri:1, instance:tests.TC_006_NavigationTest@6c40365c]" started-at="2025-09-22T17:25:47 IST" name="NavigationTest" finished-at="2025-09-22T17:25:50 IST" duration-ms="3293" status="PASS">
          <reporter-output>
          </reporter-output>
        </test-method> <!-- NavigationTest -->
        <test-method is-config="true" signature="browserLaunchAndUrlLoad(java.lang.String,java.lang.String)[pri:0, instance:tests.TC_006_NavigationTest@6c40365c]" started-at="2025-09-22T17:25:50 IST" name="browserLaunchAndUrlLoad" finished-at="2025-09-22T17:25:53 IST" duration-ms="3310" status="PASS">
          <params>
            <param index="0">
              <value>
                <![CDATA[Chrome]]>
              </value>
            </param>
            <param index="1">
              <value>
                <![CDATA[https://thinking-tester-contact-list.herokuapp.com/]]>
              </value>
            </param>
          </params>
          <reporter-output>
          </reporter-output>
        </test-method> <!-- browserLaunchAndUrlLoad -->
        <test-method signature="ActionButtonsVisibility()[pri:2, instance:tests.TC_006_NavigationTest@6c40365c]" started-at="2025-09-22T17:25:53 IST" name="ActionButtonsVisibility" finished-at="2025-09-22T17:25:54 IST" duration-ms="192" status="PASS">
          <reporter-output>
          </reporter-output>
        </test-method> <!-- ActionButtonsVisibility -->
        <test-method is-config="true" signature="browserLaunchAndUrlLoad(java.lang.String,java.lang.String)[pri:0, instance:tests.TC_006_NavigationTest@6c40365c]" started-at="2025-09-22T17:25:54 IST" name="browserLaunchAndUrlLoad" finished-at="2025-09-22T17:25:57 IST" duration-ms="3106" status="PASS">
          <params>
            <param index="0">
              <value>
                <![CDATA[Chrome]]>
              </value>
            </param>
            <param index="1">
              <value>
                <![CDATA[https://thinking-tester-contact-list.herokuapp.com/]]>
              </value>
            </param>
          </params>
          <reporter-output>
          </reporter-output>
        </test-method> <!-- browserLaunchAndUrlLoad -->
        <test-method signature="AddContactNavTest()[pri:3, instance:tests.TC_006_NavigationTest@6c40365c]" started-at="2025-09-22T17:25:57 IST" name="AddContactNavTest" finished-at="2025-09-22T17:26:04 IST" duration-ms="6872" status="PASS">
          <reporter-output>
          </reporter-output>
        </test-method> <!-- AddContactNavTest -->
        <test-method is-config="true" signature="browserLaunchAndUrlLoad(java.lang.String,java.lang.String)[pri:0, instance:tests.TC_006_NavigationTest@6c40365c]" started-at="2025-09-22T17:26:04 IST" name="browserLaunchAndUrlLoad" finished-at="2025-09-22T17:26:08 IST" duration-ms="4054" status="PASS">
          <params>
            <param index="0">
              <value>
                <![CDATA[Chrome]]>
              </value>
            </param>
            <param index="1">
              <value>
                <![CDATA[https://thinking-tester-contact-list.herokuapp.com/]]>
              </value>
            </param>
          </params>
          <reporter-output>
          </reporter-output>
        </test-method> <!-- browserLaunchAndUrlLoad -->
        <test-method signature="EditContactNavTest()[pri:4, instance:tests.TC_006_NavigationTest@6c40365c]" started-at="2025-09-22T17:26:08 IST" name="EditContactNavTest" finished-at="2025-09-22T17:26:12 IST" duration-ms="4180" status="PASS">
          <reporter-output>
          </reporter-output>
        </test-method> <!-- EditContactNavTest -->
        <test-method is-config="true" signature="browserLaunchAndUrlLoad(java.lang.String,java.lang.String)[pri:0, instance:tests.TC_006_NavigationTest@6c40365c]" started-at="2025-09-22T17:26:12 IST" name="browserLaunchAndUrlLoad" finished-at="2025-09-22T17:26:15 IST" duration-ms="3231" status="PASS">
          <params>
            <param index="0">
              <value>
                <![CDATA[Chrome]]>
              </value>
            </param>
            <param index="1">
              <value>
                <![CDATA[https://thinking-tester-contact-list.herokuapp.com/]]>
              </value>
            </param>
          </params>
          <reporter-output>
          </reporter-output>
        </test-method> <!-- browserLaunchAndUrlLoad -->
        <test-method signature="Logotest()[pri:4, instance:tests.TC_006_NavigationTest@6c40365c]" started-at="2025-09-22T17:26:15 IST" name="Logotest" finished-at="2025-09-22T17:26:16 IST" duration-ms="521" status="PASS">
          <reporter-output>
          </reporter-output>
        </test-method> <!-- Logotest -->
        <test-method is-config="true" signature="teardown()[pri:0, instance:tests.TC_006_NavigationTest@6c40365c]" started-at="2025-09-22T17:26:16 IST" name="teardown" finished-at="2025-09-22T17:26:16 IST" duration-ms="387" status="PASS">
          <reporter-output>
          </reporter-output>
        </test-method> <!-- teardown -->
      </class> <!-- tests.TC_006_NavigationTest -->
      <class name="tests.TC_005_DeleteContactTest">
        <test-method is-config="true" signature="setup()[pri:0, instance:tests.TC_005_DeleteContactTest@41a2befb]" started-at="2025-09-22T17:24:11 IST" name="setup" finished-at="2025-09-22T17:24:11 IST" duration-ms="1" status="PASS">
          <reporter-output>
          </reporter-output>
        </test-method> <!-- setup -->
        <test-method is-config="true" signature="testDeatils()[pri:0, instance:tests.TC_005_DeleteContactTest@41a2befb]" started-at="2025-09-22T17:25:19 IST" name="testDeatils" finished-at="2025-09-22T17:25:19 IST" duration-ms="1" status="PASS">
          <reporter-output>
          </reporter-output>
        </test-method> <!-- testDeatils -->
        <test-method signature="deleteContactTest()[pri:0, instance:tests.TC_005_DeleteContactTest@41a2befb]" started-at="2025-09-22T17:25:19 IST" name="deleteContactTest" finished-at="2025-09-22T17:25:30 IST" duration-ms="11331" status="FAIL">
          <exception class="org.openqa.selenium.UnhandledAlertException">
            <message>
              <![CDATA[unexpected alert open: {Alert text : Are you sure you want to delete this contact?}
  (Session info: chrome=140.0.7339.128): Are you sure you want to delete this contact?
Build info: version: '4.34.0', revision: '707dcb4246*'
System info: os.name: 'Windows 11', os.arch: 'amd64', os.version: '10.0', java.version: '21.0.7'
Driver info: org.openqa.selenium.chrome.ChromeDriver
Command: [5012b1753e8d8d919592932c0b2ede2c, screenshot {}]
Capabilities {acceptInsecureCerts: false, browserName: chrome, browserVersion: 140.0.7339.128, chrome: {chromedriverVersion: 140.0.7339.185 (eeea00e459e..., userDataDir: C:\Users\Faster\AppData\Loc...}, fedcm:accounts: true, goog:chromeOptions: {debuggerAddress: localhost:56397}, networkConnectionEnabled: false, pageLoadStrategy: normal, platformName: windows, proxy: Proxy(), se:cdp: ws://localhost:56397/devtoo..., se:cdpVersion: 140.0.7339.128, setWindowRect: true, strictFileInteractability: false, timeouts: {implicit: 0, pageLoad: 300000, script: 30000}, unhandledPromptBehavior: dismiss and notify, webauthn:extension:credBlob: true, webauthn:extension:largeBlob: true, webauthn:extension:minPinLength: true, webauthn:extension:prf: true, webauthn:virtualAuthenticators: true}
Session ID: 5012b1753e8d8d919592932c0b2ede2c]]>
            </message>
            <full-stacktrace>
              <![CDATA[org.openqa.selenium.UnhandledAlertException: unexpected alert open: {Alert text : Are you sure you want to delete this contact?}
  (Session info: chrome=140.0.7339.128): Are you sure you want to delete this contact?
Build info: version: '4.34.0', revision: '707dcb4246*'
System info: os.name: 'Windows 11', os.arch: 'amd64', os.version: '10.0', java.version: '21.0.7'
Driver info: org.openqa.selenium.chrome.ChromeDriver
Command: [5012b1753e8d8d919592932c0b2ede2c, screenshot {}]
Capabilities {acceptInsecureCerts: false, browserName: chrome, browserVersion: 140.0.7339.128, chrome: {chromedriverVersion: 140.0.7339.185 (eeea00e459e..., userDataDir: C:\Users\Faster\AppData\Loc...}, fedcm:accounts: true, goog:chromeOptions: {debuggerAddress: localhost:56397}, networkConnectionEnabled: false, pageLoadStrategy: normal, platformName: windows, proxy: Proxy(), se:cdp: ws://localhost:56397/devtoo..., se:cdpVersion: 140.0.7339.128, setWindowRect: true, strictFileInteractability: false, timeouts: {implicit: 0, pageLoad: 300000, script: 30000}, unhandledPromptBehavior: dismiss and notify, webauthn:extension:credBlob: true, webauthn:extension:largeBlob: true, webauthn:extension:minPinLength: true, webauthn:extension:prf: true, webauthn:virtualAuthenticators: true}
Session ID: 5012b1753e8d8d919592932c0b2ede2c
at org.openqa.selenium.remote.codec.w3c.W3CHttpResponseCodec.decode(W3CHttpResponseCodec.java:136)
at org.openqa.selenium.remote.codec.w3c.W3CHttpResponseCodec.decode(W3CHttpResponseCodec.java:50)
at org.openqa.selenium.remote.HttpCommandExecutor.execute(HttpCommandExecutor.java:215)
at org.openqa.selenium.remote.service.DriverCommandExecutor.invokeExecute(DriverCommandExecutor.java:216)
at org.openqa.selenium.remote.service.DriverCommandExecutor.execute(DriverCommandExecutor.java:174)
at org.openqa.selenium.remote.RemoteWebDriver.execute(RemoteWebDriver.java:544)
at org.openqa.selenium.remote.RemoteWebDriver.execute(RemoteWebDriver.java:617)
at org.openqa.selenium.remote.RemoteWebDriver.execute(RemoteWebDriver.java:621)
at org.openqa.selenium.remote.RemoteWebDriver.getScreenshotAs(RemoteWebDriver.java:333)
at utils.Utility.screenShot(Utility.java:127)
at utils.Listeners.onTestSuccess(Listeners.java:22)
at org.testng.internal.TestListenerHelper.runTestListeners(TestListenerHelper.java:119)
at org.testng.internal.invokers.TestInvoker.runTestResultListener(TestInvoker.java:285)
at org.testng.internal.invokers.TestInvoker.invokeMethod(TestInvoker.java:777)
at org.testng.internal.invokers.TestInvoker.invokeTestMethod(TestInvoker.java:230)
at org.testng.internal.invokers.MethodRunner.runInSequence(MethodRunner.java:63)
at org.testng.internal.invokers.TestInvoker$MethodInvocationAgent.invoke(TestInvoker.java:995)
at org.testng.internal.invokers.TestInvoker.invokeTestMethods(TestInvoker.java:203)
at org.testng.internal.invokers.TestMethodWorker.invokeTestMethods(TestMethodWorker.java:154)
at org.testng.internal.invokers.TestMethodWorker.run(TestMethodWorker.java:134)
at java.base/java.util.ArrayList.forEach(ArrayList.java:1596)
at org.testng.TestRunner.privateRun(TestRunner.java:741)
at org.testng.TestRunner.run(TestRunner.java:616)
at org.testng.SuiteRunner.runTest(SuiteRunner.java:421)
at org.testng.SuiteRunner.runSequentially(SuiteRunner.java:413)
at org.testng.SuiteRunner.privateRun(SuiteRunner.java:373)
at org.testng.SuiteRunner.run(SuiteRunner.java:312)
at org.testng.SuiteRunnerWorker.runSuite(SuiteRunnerWorker.java:52)
at org.testng.SuiteRunnerWorker.run(SuiteRunnerWorker.java:95)
at org.testng.TestNG.runSuitesSequentially(TestNG.java:1274)
at org.testng.TestNG.runSuitesLocally(TestNG.java:1208)
at org.testng.TestNG.runSuites(TestNG.java:1112)
at org.testng.TestNG.run(TestNG.java:1079)
at org.testng.remote.AbstractRemoteTestNG.run(AbstractRemoteTestNG.java:115)
at org.testng.remote.RemoteTestNG.initAndRun(RemoteTestNG.java:293)
at org.testng.remote.RemoteTestNG.main(RemoteTestNG.java:91)
]]>
            </full-stacktrace>
          </exception> <!-- org.openqa.selenium.UnhandledAlertException -->
          <reporter-output>
          </reporter-output>
        </test-method> <!-- deleteContactTest -->
        <test-method is-config="true" signature="browserLaunchAndUrlLoad(java.lang.String,java.lang.String)[pri:0, instance:tests.TC_005_DeleteContactTest@41a2befb]" started-at="2025-09-22T17:25:19 IST" name="browserLaunchAndUrlLoad" finished-at="2025-09-22T17:25:23 IST" duration-ms="3680" status="PASS">
          <params>
            <param index="0">
              <value>
                <![CDATA[Chrome]]>
              </value>
            </param>
            <param index="1">
              <value>
                <![CDATA[https://thinking-tester-contact-list.herokuapp.com/]]>
              </value>
            </param>
          </params>
          <reporter-output>
          </reporter-output>
        </test-method> <!-- browserLaunchAndUrlLoad -->
        <test-method is-config="true" signature="browserLaunchAndUrlLoad(java.lang.String,java.lang.String)[pri:0, instance:tests.TC_005_DeleteContactTest@41a2befb]" started-at="2025-09-22T17:25:31 IST" name="browserLaunchAndUrlLoad" finished-at="2025-09-22T17:25:34 IST" duration-ms="3048" status="PASS">
          <params>
            <param index="0">
              <value>
                <![CDATA[Chrome]]>
              </value>
            </param>
            <param index="1">
              <value>
                <![CDATA[https://thinking-tester-contact-list.herokuapp.com/]]>
              </value>
            </param>
          </params>
          <reporter-output>
          </reporter-output>
        </test-method> <!-- browserLaunchAndUrlLoad -->
        <test-method signature="verificationofcontactdelete()[pri:0, instance:tests.TC_005_DeleteContactTest@41a2befb]" started-at="2025-09-22T17:25:34 IST" name="verificationofcontactdelete" finished-at="2025-09-22T17:25:43 IST" duration-ms="9218" status="PASS">
          <reporter-output>
          </reporter-output>
        </test-method> <!-- verificationofcontactdelete -->
        <test-method is-config="true" signature="teardown()[pri:0, instance:tests.TC_005_DeleteContactTest@41a2befb]" started-at="2025-09-22T17:25:43 IST" name="teardown" finished-at="2025-09-22T17:25:43 IST" duration-ms="269" status="PASS">
          <reporter-output>
          </reporter-output>
        </test-method> <!-- teardown -->
      </class> <!-- tests.TC_005_DeleteContactTest -->
      <class name="tests.TC_004_EditContactTest">
        <test-method is-config="true" signature="setup()[pri:0, instance:tests.TC_004_EditContactTest@7bedc48a]" started-at="2025-09-22T17:24:11 IST" name="setup" finished-at="2025-09-22T17:24:11 IST" duration-ms="2" status="PASS">
          <reporter-output>
          </reporter-output>
        </test-method> <!-- setup -->
        <test-method is-config="true" signature="testDeatils()[pri:0, instance:tests.TC_004_EditContactTest@7bedc48a]" started-at="2025-09-22T17:26:16 IST" name="testDeatils" finished-at="2025-09-22T17:26:16 IST" duration-ms="4" status="PASS">
          <reporter-output>
          </reporter-output>
        </test-method> <!-- testDeatils -->
        <test-method is-config="true" signature="browserLaunchAndUrlLoad(java.lang.String,java.lang.String)[pri:0, instance:tests.TC_004_EditContactTest@7bedc48a]" started-at="2025-09-22T17:26:16 IST" name="browserLaunchAndUrlLoad" finished-at="2025-09-22T17:26:20 IST" duration-ms="3537" status="PASS">
          <params>
            <param index="0">
              <value>
                <![CDATA[Chrome]]>
              </value>
            </param>
            <param index="1">
              <value>
                <![CDATA[https://thinking-tester-contact-list.herokuapp.com/]]>
              </value>
            </param>
          </params>
          <reporter-output>
          </reporter-output>
        </test-method> <!-- browserLaunchAndUrlLoad -->
        <test-method signature="editlastname()[pri:1, instance:tests.TC_004_EditContactTest@7bedc48a]" started-at="2025-09-22T17:26:20 IST" name="editlastname" finished-at="2025-09-22T17:26:29 IST" duration-ms="8892" status="PASS">
          <reporter-output>
          </reporter-output>
        </test-method> <!-- editlastname -->
        <test-method is-config="true" signature="browserLaunchAndUrlLoad(java.lang.String,java.lang.String)[pri:0, instance:tests.TC_004_EditContactTest@7bedc48a]" started-at="2025-09-22T17:26:29 IST" name="browserLaunchAndUrlLoad" finished-at="2025-09-22T17:26:36 IST" duration-ms="6901" status="PASS">
          <params>
            <param index="0">
              <value>
                <![CDATA[Chrome]]>
              </value>
            </param>
            <param index="1">
              <value>
                <![CDATA[https://thinking-tester-contact-list.herokuapp.com/]]>
              </value>
            </param>
          </params>
          <reporter-output>
          </reporter-output>
        </test-method> <!-- browserLaunchAndUrlLoad -->
        <test-method signature="editContactTest()[pri:2, instance:tests.TC_004_EditContactTest@7bedc48a]" started-at="2025-09-22T17:26:36 IST" name="editContactTest" finished-at="2025-09-22T17:26:51 IST" duration-ms="14945" status="PASS">
          <reporter-output>
          </reporter-output>
        </test-method> <!-- editContactTest -->
        <test-method is-config="true" signature="browserLaunchAndUrlLoad(java.lang.String,java.lang.String)[pri:0, instance:tests.TC_004_EditContactTest@7bedc48a]" started-at="2025-09-22T17:26:51 IST" name="browserLaunchAndUrlLoad" finished-at="2025-09-22T17:26:55 IST" duration-ms="3688" status="PASS">
          <params>
            <param index="0">
              <value>
                <![CDATA[Chrome]]>
              </value>
            </param>
            <param index="1">
              <value>
                <![CDATA[https://thinking-tester-contact-list.herokuapp.com/]]>
              </value>
            </param>
          </params>
          <reporter-output>
          </reporter-output>
        </test-method> <!-- browserLaunchAndUrlLoad -->
        <test-method signature="editcancel()[pri:3, instance:tests.TC_004_EditContactTest@7bedc48a]" started-at="2025-09-22T17:26:55 IST" name="editcancel" finished-at="2025-09-22T17:27:06 IST" duration-ms="11070" status="PASS">
          <reporter-output>
          </reporter-output>
        </test-method> <!-- editcancel -->
        <test-method is-config="true" signature="teardown()[pri:0, instance:tests.TC_004_EditContactTest@7bedc48a]" started-at="2025-09-22T17:27:06 IST" name="teardown" finished-at="2025-09-22T17:27:07 IST" duration-ms="333" status="PASS">
          <reporter-output>
          </reporter-output>
        </test-method> <!-- teardown -->
      </class> <!-- tests.TC_004_EditContactTest -->
    </test> <!-- Test -->
  </suite> <!-- Suite -->
</testng-results>
