<?xml version="1.0" encoding="UTF-8"?>
<!-- Generated by org.testng.reporters.JUnitXMLReporter -->
<testsuite ignored="0" hostname="ANBU" failures="0" tests="4" name="LoginTest_TC_001" time="46.678" errors="0" timestamp="2025-08-13T14:49:10 IST">
  <testcase classname="tests.TC_001_LoginTest" name="loginTest" time="1.319"/>
  <testcase classname="tests.TC_001_LoginTest" name="loginTest" time="1.162"/>
  <testcase classname="tests.TC_001_LoginTest" name="loginTest" time="0.787"/>
  <testcase classname="tests.TC_001_LoginTest" name="loginTest" time="1.631"/>
</testsuite> <!-- LoginTest_TC_001 -->
