<?xml version="1.0" encoding="UTF-8"?>
<!-- Generated by org.testng.reporters.JUnitXMLReporter -->
<testsuite ignored="5" hostname="ANBU" failures="1" tests="22" name="Test" time="253.257" errors="0" timestamp="2025-08-13T23:26:08 IST">
  <testcase classname="tests.TC_001_LoginTest" name="loginTest" time="0.781"/>
  <testcase classname="tests.TC_001_LoginTest" name="loginTest" time="0.622"/>
  <testcase classname="tests.TC_001_LoginTest" name="loginTest" time="0.677"/>
  <testcase classname="tests.TC_001_LoginTest" name="loginTest" time="0.551"/>
  <testcase classname="tests.TC_003_AddContactTest" name="addContactTest" time="9.104"/>
  <testcase classname="tests.TC_003_AddContactTest" name="addContactTest" time="4.424"/>
  <testcase classname="tests.TC_003_AddContactTest" name="addContactTest" time="6.182"/>
  <testcase classname="tests.TC_003_AddContactTest" name="addContactTest" time="9.446"/>
  <testcase classname="tests.TC_002_SignUpTest" name="signUpTest" time="1.735"/>
  <testcase classname="tests.TC_002_SignUpTest" name="signUpTest" time="1.738"/>
  <testcase classname="tests.TC_002_SignUpTest" name="signUpTest" time="1.956"/>
  <testcase classname="tests.TC_002_SignUpTest" name="signUpTest" time="4.2"/>
  <testcase classname="tests.TC_005_DeleteContactTest" name="deleteContactTest" time="13.291">
    <failure type="org.openqa.selenium.UnhandledAlertException" message="unexpected alert open: {Alert text : Are you sure you want to delete this contact?}
  (Session info: chrome=138.0.7204.184): Are you sure you want to delete this contact?
Build info: version: &amp;apos;4.34.0&amp;apos;, revision: &amp;apos;707dcb4246*&amp;apos;
System info: os.name: &amp;apos;Windows 11&amp;apos;, os.arch: &amp;apos;amd64&amp;apos;, os.version: &amp;apos;10.0&amp;apos;, java.version: &amp;apos;21.0.7&amp;apos;
Driver info: org.openqa.selenium.chrome.ChromeDriver
Command: [9b30b2e7955da6f05927b31e7c9e336a, screenshot {}]
Capabilities {acceptInsecureCerts: false, browserName: chrome, browserVersion: 138.0.7204.184, chrome: {chromedriverVersion: 138.0.7204.183 (e90faf484dd..., userDataDir: C:\Users\Faster\AppData\Loc...}, fedcm:accounts: true, goog:chromeOptions: {debuggerAddress: localhost:56044}, networkConnectionEnabled: false, pageLoadStrategy: normal, platformName: windows, proxy: Proxy(), se:cdp: ws://localhost:56044/devtoo..., se:cdpVersion: 138.0.7204.184, setWindowRect: true, strictFileInteractability: false, timeouts: {implicit: 0, pageLoad: 300000, script: 30000}, unhandledPromptBehavior: dismiss and notify, webauthn:extension:credBlob: true, webauthn:extension:largeBlob: true, webauthn:extension:minPinLength: true, webauthn:extension:prf: true, webauthn:virtualAuthenticators: true}
Session ID: 9b30b2e7955da6f05927b31e7c9e336a">
      <![CDATA[org.openqa.selenium.UnhandledAlertException: unexpected alert open: {Alert text : Are you sure you want to delete this contact?}
  (Session info: chrome=138.0.7204.184): Are you sure you want to delete this contact?
Build info: version: '4.34.0', revision: '707dcb4246*'
System info: os.name: 'Windows 11', os.arch: 'amd64', os.version: '10.0', java.version: '21.0.7'
Driver info: org.openqa.selenium.chrome.ChromeDriver
Command: [9b30b2e7955da6f05927b31e7c9e336a, screenshot {}]
Capabilities {acceptInsecureCerts: false, browserName: chrome, browserVersion: 138.0.7204.184, chrome: {chromedriverVersion: 138.0.7204.183 (e90faf484dd..., userDataDir: C:\Users\Faster\AppData\Loc...}, fedcm:accounts: true, goog:chromeOptions: {debuggerAddress: localhost:56044}, networkConnectionEnabled: false, pageLoadStrategy: normal, platformName: windows, proxy: Proxy(), se:cdp: ws://localhost:56044/devtoo..., se:cdpVersion: 138.0.7204.184, setWindowRect: true, strictFileInteractability: false, timeouts: {implicit: 0, pageLoad: 300000, script: 30000}, unhandledPromptBehavior: dismiss and notify, webauthn:extension:credBlob: true, webauthn:extension:largeBlob: true, webauthn:extension:minPinLength: true, webauthn:extension:prf: true, webauthn:virtualAuthenticators: true}
Session ID: 9b30b2e7955da6f05927b31e7c9e336a
at org.openqa.selenium.remote.codec.w3c.W3CHttpResponseCodec.decode(W3CHttpResponseCodec.java:136)
at org.openqa.selenium.remote.codec.w3c.W3CHttpResponseCodec.decode(W3CHttpResponseCodec.java:50)
at org.openqa.selenium.remote.HttpCommandExecutor.execute(HttpCommandExecutor.java:215)
at org.openqa.selenium.remote.service.DriverCommandExecutor.invokeExecute(DriverCommandExecutor.java:216)
at org.openqa.selenium.remote.service.DriverCommandExecutor.execute(DriverCommandExecutor.java:174)
at org.openqa.selenium.remote.RemoteWebDriver.execute(RemoteWebDriver.java:544)
at org.openqa.selenium.remote.RemoteWebDriver.execute(RemoteWebDriver.java:617)
at org.openqa.selenium.remote.RemoteWebDriver.execute(RemoteWebDriver.java:621)
at org.openqa.selenium.remote.RemoteWebDriver.getScreenshotAs(RemoteWebDriver.java:333)
at utils.Utility.screenShot(Utility.java:127)
at utils.Listeners.onTestSuccess(Listeners.java:22)
at java.base/java.util.ArrayList.forEach(ArrayList.java:1596)
... Removed 24 stack frames]]>
    </failure>
  </testcase> <!-- deleteContactTest -->
  <testcase classname="tests.TC_005_DeleteContactTest" name="verificationofcontactdelete" time="11.58"/>
  <testcase classname="tests.TC_006_NavigationTest" name="NavigationTest" time="3.319"/>
  <testcase classname="tests.TC_006_NavigationTest" name="ActionButtonsVisibility" time="0.261"/>
  <testcase classname="tests.TC_006_NavigationTest" name="AddContactNavTest" time="6.111"/>
  <testcase classname="tests.TC_006_NavigationTest" name="EditContactNavTest" time="5.441"/>
  <testcase classname="tests.TC_006_NavigationTest" name="Logotest" time="1.06"/>
  <testcase classname="tests.TC_004_EditContactTest" name="editlastname" time="13.021"/>
  <testcase classname="tests.TC_004_EditContactTest" name="editContactTest" time="17.596"/>
  <testcase classname="tests.TC_004_EditContactTest" name="editcancel" time="12.191"/>
  <testcase classname="base.ProjectSpecificationMethod" name="@BeforeSuite createReport" time="0.0">
    <ignored/>
  </testcase> <!-- @BeforeSuite createReport -->
  <testcase classname="base.ProjectSpecificationMethod" name="@BeforeSuite createReport" time="0.0">
    <ignored/>
  </testcase> <!-- @BeforeSuite createReport -->
  <testcase classname="base.ProjectSpecificationMethod" name="@BeforeSuite createReport" time="0.0">
    <ignored/>
  </testcase> <!-- @BeforeSuite createReport -->
  <testcase classname="base.ProjectSpecificationMethod" name="@BeforeSuite createReport" time="0.0">
    <ignored/>
  </testcase> <!-- @BeforeSuite createReport -->
  <testcase classname="base.ProjectSpecificationMethod" name="@BeforeSuite createReport" time="0.0">
    <ignored/>
  </testcase> <!-- @BeforeSuite createReport -->
</testsuite> <!-- Test -->
