<?xml version="1.0" encoding="UTF-8"?>
<!-- Generated by org.testng.reporters.JUnitXMLReporter -->
<testsuite ignored="10" hostname="GOPAL-PC" failures="0" tests="9" name="Test" time="90.762" errors="0" timestamp="2025-08-09T19:47:04 IST">
  <testcase classname="tests.LoginTest" name="LogInTest" time="0.47"/>
  <testcase classname="tests.LoginTest" name="LogInTest" time="0.388"/>
  <testcase classname="tests.LoginTest" name="LogInTest" time="0.456"/>
  <testcase classname="tests.LoginTest" name="LogInTest" time="0.397"/>
  <testcase classname="tests.CartFunctionTesting" name="CartfunctionTesting" time="1.238"/>
  <testcase classname="tests.RemoveItemTest" name="CartfunctionTesting" time="25.648"/>
  <testcase classname="tests.TotalOfMutipleItemsTest" name="CartfunctionTesting" time="1.116"/>
  <testcase classname="tests.PlacingOrderTest" name="CartfunctionTesting" time="1.143"/>
  <testcase classname="tests.LogoutTest" name="CartfunctionTesting" time="1.247"/>
  <testcase classname="base.ProjectSpecificationMethods" name="@AfterSuite closeReport" time="0.0">
    <ignored/>
  </testcase> <!-- @AfterSuite closeReport -->
  <testcase classname="base.ProjectSpecificationMethods" name="@BeforeSuite createReport" time="0.0">
    <ignored/>
  </testcase> <!-- @BeforeSuite createReport -->
  <testcase classname="base.ProjectSpecificationMethods" name="@BeforeSuite createReport" time="0.0">
    <ignored/>
  </testcase> <!-- @BeforeSuite createReport -->
  <testcase classname="base.ProjectSpecificationMethods" name="@AfterSuite closeReport" time="0.0">
    <ignored/>
  </testcase> <!-- @AfterSuite closeReport -->
  <testcase classname="base.ProjectSpecificationMethods" name="@AfterSuite closeReport" time="0.0">
    <ignored/>
  </testcase> <!-- @AfterSuite closeReport -->
  <testcase classname="base.ProjectSpecificationMethods" name="@BeforeSuite createReport" time="0.0">
    <ignored/>
  </testcase> <!-- @BeforeSuite createReport -->
  <testcase classname="base.ProjectSpecificationMethods" name="@BeforeSuite createReport" time="0.0">
    <ignored/>
  </testcase> <!-- @BeforeSuite createReport -->
  <testcase classname="base.ProjectSpecificationMethods" name="@AfterSuite closeReport" time="0.0">
    <ignored/>
  </testcase> <!-- @AfterSuite closeReport -->
  <testcase classname="base.ProjectSpecificationMethods" name="@BeforeSuite createReport" time="0.0">
    <ignored/>
  </testcase> <!-- @BeforeSuite createReport -->
  <testcase classname="base.ProjectSpecificationMethods" name="@AfterSuite closeReport" time="0.0">
    <ignored/>
  </testcase> <!-- @AfterSuite closeReport -->
</testsuite> <!-- Test -->
