<?xml version="1.0" encoding="UTF-8"?>
<testng-results ignored="0" total="22" passed="21" failed="1" skipped="0">
  <reporter-output>
  </reporter-output>
  <suite started-at="2025-09-22T17:19:00 IST" name="Suite" finished-at="2025-09-22T17:21:57 IST" duration-ms="176721">
    <groups>
    </groups>
    <test started-at="2025-09-22T17:19:00 IST" name="Test" finished-at="2025-09-22T17:21:57 IST" duration-ms="176721">
      <class name="tests.TC_002_SignUpTest">
        <test-method is-config="true" signature="setup()[pri:0, instance:tests.TC_002_SignUpTest@7cc0cdad]" started-at="2025-09-22T17:19:00 IST" name="setup" finished-at="2025-09-22T17:19:00 IST" duration-ms="0" status="PASS">
          <reporter-output>
          </reporter-output>
        </test-method> <!-- setup -->
        <test-method is-config="true" signature="testDeatils()[pri:0, instance:tests.TC_002_SignUpTest@7cc0cdad]" started-at="2025-09-22T17:19:53 IST" name="testDeatils" finished-at="2025-09-22T17:19:54 IST" duration-ms="2" status="PASS">
          <reporter-output>
          </reporter-output>
        </test-method> <!-- testDeatils -->
        <test-method is-config="true" signature="browserLaunchAndUrlLoad(java.lang.String,java.lang.String)[pri:0, instance:tests.TC_002_SignUpTest@7cc0cdad]" started-at="2025-09-22T17:19:54 IST" name="browserLaunchAndUrlLoad" finished-at="2025-09-22T17:19:57 IST" duration-ms="3496" status="PASS">
          <params>
            <param index="0">
              <value>
                <![CDATA[Chrome]]>
              </value>
            </param>
            <param index="1">
              <value>
                <![CDATA[https://thinking-tester-contact-list.herokuapp.com/]]>
              </value>
            </param>
          </params>
          <reporter-output>
          </reporter-output>
        </test-method> <!-- browserLaunchAndUrlLoad -->
        <test-method signature="signUpTest(java.lang.String,java.lang.String,java.lang.String,java.lang.String,java.lang.String,java.lang.String)[pri:0, instance:tests.TC_002_SignUpTest@7cc0cdad]" started-at="2025-09-22T17:19:57 IST" name="signUpTest" data-provider="SignUpData" finished-at="2025-09-22T17:19:58 IST" duration-ms="1323" status="PASS">
          <params>
            <param index="0">
              <value>
                <![CDATA[Dharun]]>
              </value>
            </param>
            <param index="1">
              <value>
                <![CDATA[Kumar]]>
              </value>
            </param>
            <param index="2">
              <value>
                <![CDATA[dharunkumar@gmail.com]]>
              </value>
            </param>
            <param index="3">
              <value>
                <![CDATA[demo@123]]>
              </value>
            </param>
            <param index="4">
              <value>
                <![CDATA[Valid]]>
              </value>
            </param>
            <param index="5">
              <value>
                <![CDATA[Login]]>
              </value>
            </param>
          </params>
          <reporter-output>
          </reporter-output>
        </test-method> <!-- signUpTest -->
        <test-method is-config="true" signature="browserLaunchAndUrlLoad(java.lang.String,java.lang.String)[pri:0, instance:tests.TC_002_SignUpTest@7cc0cdad]" started-at="2025-09-22T17:19:59 IST" name="browserLaunchAndUrlLoad" finished-at="2025-09-22T17:20:01 IST" duration-ms="2590" status="PASS">
          <params>
            <param index="0">
              <value>
                <![CDATA[Chrome]]>
              </value>
            </param>
            <param index="1">
              <value>
                <![CDATA[https://thinking-tester-contact-list.herokuapp.com/]]>
              </value>
            </param>
          </params>
          <reporter-output>
          </reporter-output>
        </test-method> <!-- browserLaunchAndUrlLoad -->
        <test-method signature="signUpTest(java.lang.String,java.lang.String,java.lang.String,java.lang.String,java.lang.String,java.lang.String)[pri:0, instance:tests.TC_002_SignUpTest@7cc0cdad]" started-at="2025-09-22T17:20:01 IST" name="signUpTest" data-provider="SignUpData" finished-at="2025-09-22T17:20:03 IST" duration-ms="1602" status="PASS">
          <params>
            <param index="0">
              <value>
                <![CDATA[Haresh]]>
              </value>
            </param>
            <param index="1">
              <value>
                <![CDATA[Kumar]]>
              </value>
            </param>
            <param index="2">
              <value>
                <![CDATA[hareshkumar@gmail.com]]>
              </value>
            </param>
            <param index="3">
              <value>
                <![CDATA[demo123]]>
              </value>
            </param>
            <param index="4">
              <value>
                <![CDATA[Mismatch]]>
              </value>
            </param>
            <param index="5">
              <value>
                <![CDATA[Passwords do not match]]>
              </value>
            </param>
          </params>
          <reporter-output>
          </reporter-output>
        </test-method> <!-- signUpTest -->
        <test-method is-config="true" signature="browserLaunchAndUrlLoad(java.lang.String,java.lang.String)[pri:0, instance:tests.TC_002_SignUpTest@7cc0cdad]" started-at="2025-09-22T17:20:03 IST" name="browserLaunchAndUrlLoad" finished-at="2025-09-22T17:20:06 IST" duration-ms="2942" status="PASS">
          <params>
            <param index="0">
              <value>
                <![CDATA[Chrome]]>
              </value>
            </param>
            <param index="1">
              <value>
                <![CDATA[https://thinking-tester-contact-list.herokuapp.com/]]>
              </value>
            </param>
          </params>
          <reporter-output>
          </reporter-output>
        </test-method> <!-- browserLaunchAndUrlLoad -->
        <test-method signature="signUpTest(java.lang.String,java.lang.String,java.lang.String,java.lang.String,java.lang.String,java.lang.String)[pri:0, instance:tests.TC_002_SignUpTest@7cc0cdad]" started-at="2025-09-22T17:20:06 IST" name="signUpTest" data-provider="SignUpData" finished-at="2025-09-22T17:20:07 IST" duration-ms="1476" status="PASS">
          <params>
            <param index="0">
              <value>
                <![CDATA[ ]]>
              </value>
            </param>
            <param index="1">
              <value>
                <![CDATA[ ]]>
              </value>
            </param>
            <param index="2">
              <value>
                <![CDATA[ ]]>
              </value>
            </param>
            <param index="3">
              <value>
                <![CDATA[ ]]>
              </value>
            </param>
            <param index="4">
              <value>
                <![CDATA[BlankFields]]>
              </value>
            </param>
            <param index="5">
              <value>
                <![CDATA[Required field messages shown]]>
              </value>
            </param>
          </params>
          <reporter-output>
          </reporter-output>
        </test-method> <!-- signUpTest -->
        <test-method is-config="true" signature="browserLaunchAndUrlLoad(java.lang.String,java.lang.String)[pri:0, instance:tests.TC_002_SignUpTest@7cc0cdad]" started-at="2025-09-22T17:20:07 IST" name="browserLaunchAndUrlLoad" finished-at="2025-09-22T17:20:11 IST" duration-ms="3634" status="PASS">
          <params>
            <param index="0">
              <value>
                <![CDATA[Chrome]]>
              </value>
            </param>
            <param index="1">
              <value>
                <![CDATA[https://thinking-tester-contact-list.herokuapp.com/]]>
              </value>
            </param>
          </params>
          <reporter-output>
          </reporter-output>
        </test-method> <!-- browserLaunchAndUrlLoad -->
        <test-method signature="signUpTest(java.lang.String,java.lang.String,java.lang.String,java.lang.String,java.lang.String,java.lang.String)[pri:0, instance:tests.TC_002_SignUpTest@7cc0cdad]" started-at="2025-09-22T17:20:11 IST" name="signUpTest" data-provider="SignUpData" finished-at="2025-09-22T17:20:12 IST" duration-ms="1095" status="PASS">
          <params>
            <param index="0">
              <value>
                <![CDATA[Nithulan]]>
              </value>
            </param>
            <param index="1">
              <value>
                <![CDATA[Dharun]]>
              </value>
            </param>
            <param index="2">
              <value>
                <![CDATA[dharunkumar@gmail.com]]>
              </value>
            </param>
            <param index="3">
              <value>
                <![CDATA[demo@123]]>
              </value>
            </param>
            <param index="4">
              <value>
                <![CDATA[Duplicate]]>
              </value>
            </param>
            <param index="5">
              <value>
                <![CDATA[Email already exists]]>
              </value>
            </param>
          </params>
          <reporter-output>
          </reporter-output>
        </test-method> <!-- signUpTest -->
        <test-method is-config="true" signature="teardown()[pri:0, instance:tests.TC_002_SignUpTest@7cc0cdad]" started-at="2025-09-22T17:20:12 IST" name="teardown" finished-at="2025-09-22T17:20:12 IST" duration-ms="253" status="PASS">
          <reporter-output>
          </reporter-output>
        </test-method> <!-- teardown -->
      </class> <!-- tests.TC_002_SignUpTest -->
      <class name="tests.TC_003_AddContactTest">
        <test-method is-config="true" signature="setup()[pri:0, instance:tests.TC_003_AddContactTest@128d2484]" started-at="2025-09-22T17:19:00 IST" name="setup" finished-at="2025-09-22T17:19:00 IST" duration-ms="1" status="PASS">
          <reporter-output>
          </reporter-output>
        </test-method> <!-- setup -->
        <test-method is-config="true" signature="testDeatils()[pri:0, instance:tests.TC_003_AddContactTest@128d2484]" started-at="2025-09-22T17:19:24 IST" name="testDeatils" finished-at="2025-09-22T17:19:24 IST" duration-ms="1" status="PASS">
          <reporter-output>
          </reporter-output>
        </test-method> <!-- testDeatils -->
        <test-method is-config="true" signature="browserLaunchAndUrlLoad(java.lang.String,java.lang.String)[pri:0, instance:tests.TC_003_AddContactTest@128d2484]" started-at="2025-09-22T17:19:24 IST" name="browserLaunchAndUrlLoad" finished-at="2025-09-22T17:19:28 IST" duration-ms="3614" status="PASS">
          <params>
            <param index="0">
              <value>
                <![CDATA[Chrome]]>
              </value>
            </param>
            <param index="1">
              <value>
                <![CDATA[https://thinking-tester-contact-list.herokuapp.com/]]>
              </value>
            </param>
          </params>
          <reporter-output>
          </reporter-output>
        </test-method> <!-- browserLaunchAndUrlLoad -->
        <test-method signature="addContactTest(java.lang.String,java.lang.String,java.lang.String,java.lang.String,java.lang.String,java.lang.String,java.lang.String,java.lang.String,java.lang.String,java.lang.String,java.lang.String,java.lang.String,java.lang.String,java.lang.String,java.lang.String)[pri:0, instance:tests.TC_003_AddContactTest@128d2484]" started-at="2025-09-22T17:19:28 IST" name="addContactTest" data-provider="AddContactData" finished-at="2025-09-22T17:19:31 IST" duration-ms="3192" status="PASS">
          <params>
            <param index="0">
              <value>
                <![CDATA[demouser33@gmail.com]]>
              </value>
            </param>
            <param index="1">
              <value>
                <![CDATA[demouser1]]>
              </value>
            </param>
            <param index="2">
              <value>
                <![CDATA[Haresh]]>
              </value>
            </param>
            <param index="3">
              <value>
                <![CDATA[kumar]]>
              </value>
            </param>
            <param index="4">
              <value>
                <![CDATA[1999-10-03]]>
              </value>
            </param>
            <param index="5">
              <value>
                <![CDATA[hareshkumar@gmail.com]]>
              </value>
            </param>
            <param index="6">
              <value>
                <![CDATA[1234567890]]>
              </value>
            </param>
            <param index="7">
              <value>
                <![CDATA[Street 1]]>
              </value>
            </param>
            <param index="8">
              <value>
                <![CDATA[Apt 2]]>
              </value>
            </param>
            <param index="9">
              <value>
                <![CDATA[pri]]>
              </value>
            </param>
            <param index="10">
              <value>
                <![CDATA[tn]]>
              </value>
            </param>
            <param index="11">
              <value>
                <![CDATA[638052]]>
              </value>
            </param>
            <param index="12">
              <value>
                <![CDATA[IND]]>
              </value>
            </param>
            <param index="13">
              <value>
                <![CDATA[Valid]]>
              </value>
            </param>
            <param index="14">
              <value>
                <![CDATA[Contact added successfully]]>
              </value>
            </param>
          </params>
          <reporter-output>
          </reporter-output>
        </test-method> <!-- addContactTest -->
        <test-method is-config="true" signature="browserLaunchAndUrlLoad(java.lang.String,java.lang.String)[pri:0, instance:tests.TC_003_AddContactTest@128d2484]" started-at="2025-09-22T17:19:32 IST" name="browserLaunchAndUrlLoad" finished-at="2025-09-22T17:19:36 IST" duration-ms="3825" status="PASS">
          <params>
            <param index="0">
              <value>
                <![CDATA[Chrome]]>
              </value>
            </param>
            <param index="1">
              <value>
                <![CDATA[https://thinking-tester-contact-list.herokuapp.com/]]>
              </value>
            </param>
          </params>
          <reporter-output>
          </reporter-output>
        </test-method> <!-- browserLaunchAndUrlLoad -->
        <test-method signature="addContactTest(java.lang.String,java.lang.String,java.lang.String,java.lang.String,java.lang.String,java.lang.String,java.lang.String,java.lang.String,java.lang.String,java.lang.String,java.lang.String,java.lang.String,java.lang.String,java.lang.String,java.lang.String)[pri:0, instance:tests.TC_003_AddContactTest@128d2484]" started-at="2025-09-22T17:19:36 IST" name="addContactTest" data-provider="AddContactData" finished-at="2025-09-22T17:19:39 IST" duration-ms="3010" status="PASS">
          <params>
            <param index="0">
              <value>
                <![CDATA[demouser33@gmail.com]]>
              </value>
            </param>
            <param index="1">
              <value>
                <![CDATA[demouser1]]>
              </value>
            </param>
            <param index="2">
              <value>
                <![CDATA[ ]]>
              </value>
            </param>
            <param index="3">
              <value>
                <![CDATA[ ]]>
              </value>
            </param>
            <param index="4">
              <value>
                <![CDATA[ ]]>
              </value>
            </param>
            <param index="5">
              <value>
                <![CDATA[user@gamil.com]]>
              </value>
            </param>
            <param index="6">
              <value>
                <![CDATA[1234567890]]>
              </value>
            </param>
            <param index="7">
              <value>
                <![CDATA[Street 3]]>
              </value>
            </param>
            <param index="8">
              <value>
                <![CDATA[Apt 4]]>
              </value>
            </param>
            <param index="9">
              <value>
                <![CDATA[pri]]>
              </value>
            </param>
            <param index="10">
              <value>
                <![CDATA[tn]]>
              </value>
            </param>
            <param index="11">
              <value>
                <![CDATA[638052]]>
              </value>
            </param>
            <param index="12">
              <value>
                <![CDATA[IND]]>
              </value>
            </param>
            <param index="13">
              <value>
                <![CDATA[No Name]]>
              </value>
            </param>
            <param index="14">
              <value>
                <![CDATA[First Name is required, Last Name is required]]>
              </value>
            </param>
          </params>
          <reporter-output>
          </reporter-output>
        </test-method> <!-- addContactTest -->
        <test-method is-config="true" signature="browserLaunchAndUrlLoad(java.lang.String,java.lang.String)[pri:0, instance:tests.TC_003_AddContactTest@128d2484]" started-at="2025-09-22T17:19:39 IST" name="browserLaunchAndUrlLoad" finished-at="2025-09-22T17:19:43 IST" duration-ms="3970" status="PASS">
          <params>
            <param index="0">
              <value>
                <![CDATA[Chrome]]>
              </value>
            </param>
            <param index="1">
              <value>
                <![CDATA[https://thinking-tester-contact-list.herokuapp.com/]]>
              </value>
            </param>
          </params>
          <reporter-output>
          </reporter-output>
        </test-method> <!-- browserLaunchAndUrlLoad -->
        <test-method signature="addContactTest(java.lang.String,java.lang.String,java.lang.String,java.lang.String,java.lang.String,java.lang.String,java.lang.String,java.lang.String,java.lang.String,java.lang.String,java.lang.String,java.lang.String,java.lang.String,java.lang.String,java.lang.String)[pri:0, instance:tests.TC_003_AddContactTest@128d2484]" started-at="2025-09-22T17:19:43 IST" name="addContactTest" data-provider="AddContactData" finished-at="2025-09-22T17:19:46 IST" duration-ms="3201" status="PASS">
          <params>
            <param index="0">
              <value>
                <![CDATA[demouser33@gmail.com]]>
              </value>
            </param>
            <param index="1">
              <value>
                <![CDATA[demouser1]]>
              </value>
            </param>
            <param index="2">
              <value>
                <![CDATA[Akshaya]]>
              </value>
            </param>
            <param index="3">
              <value>
                <![CDATA[Saravanaraja]]>
              </value>
            </param>
            <param index="4">
              <value>
                <![CDATA[1996-09-25]]>
              </value>
            </param>
            <param index="5">
              <value>
                <![CDATA[akshaya@gmail.com]]>
              </value>
            </param>
            <param index="6">
              <value>
                <![CDATA[abcdefg]]>
              </value>
            </param>
            <param index="7">
              <value>
                <![CDATA[Road 5]]>
              </value>
            </param>
            <param index="8">
              <value>
                <![CDATA[road5]]>
              </value>
            </param>
            <param index="9">
              <value>
                <![CDATA[pri]]>
              </value>
            </param>
            <param index="10">
              <value>
                <![CDATA[tn]]>
              </value>
            </param>
            <param index="11">
              <value>
                <![CDATA[638052]]>
              </value>
            </param>
            <param index="12">
              <value>
                <![CDATA[IND]]>
              </value>
            </param>
            <param index="13">
              <value>
                <![CDATA[Invalid Phone]]>
              </value>
            </param>
            <param index="14">
              <value>
                <![CDATA[ ]]>
              </value>
            </param>
          </params>
          <reporter-output>
          </reporter-output>
        </test-method> <!-- addContactTest -->
        <test-method is-config="true" signature="browserLaunchAndUrlLoad(java.lang.String,java.lang.String)[pri:0, instance:tests.TC_003_AddContactTest@128d2484]" started-at="2025-09-22T17:19:47 IST" name="browserLaunchAndUrlLoad" finished-at="2025-09-22T17:19:50 IST" duration-ms="3422" status="PASS">
          <params>
            <param index="0">
              <value>
                <![CDATA[Chrome]]>
              </value>
            </param>
            <param index="1">
              <value>
                <![CDATA[https://thinking-tester-contact-list.herokuapp.com/]]>
              </value>
            </param>
          </params>
          <reporter-output>
          </reporter-output>
        </test-method> <!-- browserLaunchAndUrlLoad -->
        <test-method signature="addContactTest(java.lang.String,java.lang.String,java.lang.String,java.lang.String,java.lang.String,java.lang.String,java.lang.String,java.lang.String,java.lang.String,java.lang.String,java.lang.String,java.lang.String,java.lang.String,java.lang.String,java.lang.String)[pri:0, instance:tests.TC_003_AddContactTest@128d2484]" started-at="2025-09-22T17:19:50 IST" name="addContactTest" data-provider="AddContactData" finished-at="2025-09-22T17:19:53 IST" duration-ms="2963" status="PASS">
          <params>
            <param index="0">
              <value>
                <![CDATA[demouser33@gmail.com]]>
              </value>
            </param>
            <param index="1">
              <value>
                <![CDATA[demouser1]]>
              </value>
            </param>
            <param index="2">
              <value>
                <![CDATA[Dharun]]>
              </value>
            </param>
            <param index="3">
              <value>
                <![CDATA[kumar]]>
              </value>
            </param>
            <param index="4">
              <value>
                <![CDATA[1995-10-29]]>
              </value>
            </param>
            <param index="5">
              <value>
                <![CDATA[dharunkumar@gmail.com]]>
              </value>
            </param>
            <param index="6">
              <value>
                <![CDATA[1234567890]]>
              </value>
            </param>
            <param index="7">
              <value>
                <![CDATA[Street 1]]>
              </value>
            </param>
            <param index="8">
              <value>
                <![CDATA[Apt 2]]>
              </value>
            </param>
            <param index="9">
              <value>
                <![CDATA[pri]]>
              </value>
            </param>
            <param index="10">
              <value>
                <![CDATA[tn]]>
              </value>
            </param>
            <param index="11">
              <value>
                <![CDATA[638052]]>
              </value>
            </param>
            <param index="12">
              <value>
                <![CDATA[IND]]>
              </value>
            </param>
            <param index="13">
              <value>
                <![CDATA[Duplicate]]>
              </value>
            </param>
            <param index="14">
              <value>
                <![CDATA[Contact added successfully]]>
              </value>
            </param>
          </params>
          <reporter-output>
          </reporter-output>
        </test-method> <!-- addContactTest -->
        <test-method is-config="true" signature="teardown()[pri:0, instance:tests.TC_003_AddContactTest@128d2484]" started-at="2025-09-22T17:19:53 IST" name="teardown" finished-at="2025-09-22T17:19:53 IST" duration-ms="239" status="PASS">
          <reporter-output>
          </reporter-output>
        </test-method> <!-- teardown -->
      </class> <!-- tests.TC_003_AddContactTest -->
      <class name="tests.TC_001_LoginTest">
        <test-method is-config="true" signature="createReport()[pri:0, instance:tests.TC_001_LoginTest@31304f14]" started-at="2025-09-22T17:19:00 IST" name="createReport" finished-at="2025-09-22T17:19:00 IST" duration-ms="275" status="PASS">
          <reporter-output>
          </reporter-output>
        </test-method> <!-- createReport -->
        <test-method is-config="true" signature="setup()[pri:0, instance:tests.TC_001_LoginTest@31304f14]" started-at="2025-09-22T17:19:00 IST" name="setup" finished-at="2025-09-22T17:19:00 IST" duration-ms="2" status="PASS">
          <reporter-output>
          </reporter-output>
        </test-method> <!-- setup -->
        <test-method is-config="true" signature="testDeatils()[pri:0, instance:tests.TC_001_LoginTest@31304f14]" started-at="2025-09-22T17:19:00 IST" name="testDeatils" finished-at="2025-09-22T17:19:00 IST" duration-ms="9" status="PASS">
          <reporter-output>
          </reporter-output>
        </test-method> <!-- testDeatils -->
        <test-method is-config="true" signature="browserLaunchAndUrlLoad(java.lang.String,java.lang.String)[pri:0, instance:tests.TC_001_LoginTest@31304f14]" started-at="2025-09-22T17:19:01 IST" name="browserLaunchAndUrlLoad" finished-at="2025-09-22T17:19:11 IST" duration-ms="10109" status="PASS">
          <params>
            <param index="0">
              <value>
                <![CDATA[Chrome]]>
              </value>
            </param>
            <param index="1">
              <value>
                <![CDATA[https://thinking-tester-contact-list.herokuapp.com/]]>
              </value>
            </param>
          </params>
          <reporter-output>
          </reporter-output>
        </test-method> <!-- browserLaunchAndUrlLoad -->
        <test-method signature="loginTest(java.lang.String,java.lang.String,java.lang.String,java.lang.String)[pri:0, instance:tests.TC_001_LoginTest@31304f14]" started-at="2025-09-22T17:19:11 IST" name="loginTest" data-provider="LoginData" finished-at="2025-09-22T17:19:12 IST" duration-ms="462" status="PASS">
          <params>
            <param index="0">
              <value>
                <![CDATA[demouser33@gmail.com]]>
              </value>
            </param>
            <param index="1">
              <value>
                <![CDATA[demouser1]]>
              </value>
            </param>
            <param index="2">
              <value>
                <![CDATA[Valid]]>
              </value>
            </param>
            <param index="3">
              <value>
                <![CDATA[Contact List]]>
              </value>
            </param>
          </params>
          <reporter-output>
          </reporter-output>
        </test-method> <!-- loginTest -->
        <test-method is-config="true" signature="browserLaunchAndUrlLoad(java.lang.String,java.lang.String)[pri:0, instance:tests.TC_001_LoginTest@31304f14]" started-at="2025-09-22T17:19:12 IST" name="browserLaunchAndUrlLoad" finished-at="2025-09-22T17:19:15 IST" duration-ms="3326" status="PASS">
          <params>
            <param index="0">
              <value>
                <![CDATA[Chrome]]>
              </value>
            </param>
            <param index="1">
              <value>
                <![CDATA[https://thinking-tester-contact-list.herokuapp.com/]]>
              </value>
            </param>
          </params>
          <reporter-output>
          </reporter-output>
        </test-method> <!-- browserLaunchAndUrlLoad -->
        <test-method signature="loginTest(java.lang.String,java.lang.String,java.lang.String,java.lang.String)[pri:0, instance:tests.TC_001_LoginTest@31304f14]" started-at="2025-09-22T17:19:15 IST" name="loginTest" data-provider="LoginData" finished-at="2025-09-22T17:19:16 IST" duration-ms="339" status="PASS">
          <params>
            <param index="0">
              <value>
                <![CDATA[demouser@gmail.com]]>
              </value>
            </param>
            <param index="1">
              <value>
                <![CDATA[demouser]]>
              </value>
            </param>
            <param index="2">
              <value>
                <![CDATA[Invalid]]>
              </value>
            </param>
            <param index="3">
              <value>
                <![CDATA[Incorrect email or password]]>
              </value>
            </param>
          </params>
          <reporter-output>
          </reporter-output>
        </test-method> <!-- loginTest -->
        <test-method is-config="true" signature="browserLaunchAndUrlLoad(java.lang.String,java.lang.String)[pri:0, instance:tests.TC_001_LoginTest@31304f14]" started-at="2025-09-22T17:19:16 IST" name="browserLaunchAndUrlLoad" finished-at="2025-09-22T17:19:19 IST" duration-ms="3109" status="PASS">
          <params>
            <param index="0">
              <value>
                <![CDATA[Chrome]]>
              </value>
            </param>
            <param index="1">
              <value>
                <![CDATA[https://thinking-tester-contact-list.herokuapp.com/]]>
              </value>
            </param>
          </params>
          <reporter-output>
          </reporter-output>
        </test-method> <!-- browserLaunchAndUrlLoad -->
        <test-method signature="loginTest(java.lang.String,java.lang.String,java.lang.String,java.lang.String)[pri:0, instance:tests.TC_001_LoginTest@31304f14]" started-at="2025-09-22T17:19:19 IST" name="loginTest" data-provider="LoginData" finished-at="2025-09-22T17:19:19 IST" duration-ms="364" status="PASS">
          <params>
            <param index="0">
              <value>
                <![CDATA[ ]]>
              </value>
            </param>
            <param index="1">
              <value>
                <![CDATA[demouser1]]>
              </value>
            </param>
            <param index="2">
              <value>
                <![CDATA[NoEmail]]>
              </value>
            </param>
            <param index="3">
              <value>
                <![CDATA[Email is required]]>
              </value>
            </param>
          </params>
          <reporter-output>
          </reporter-output>
        </test-method> <!-- loginTest -->
        <test-method is-config="true" signature="browserLaunchAndUrlLoad(java.lang.String,java.lang.String)[pri:0, instance:tests.TC_001_LoginTest@31304f14]" started-at="2025-09-22T17:19:20 IST" name="browserLaunchAndUrlLoad" finished-at="2025-09-22T17:19:23 IST" duration-ms="3555" status="PASS">
          <params>
            <param index="0">
              <value>
                <![CDATA[Chrome]]>
              </value>
            </param>
            <param index="1">
              <value>
                <![CDATA[https://thinking-tester-contact-list.herokuapp.com/]]>
              </value>
            </param>
          </params>
          <reporter-output>
          </reporter-output>
        </test-method> <!-- browserLaunchAndUrlLoad -->
        <test-method signature="loginTest(java.lang.String,java.lang.String,java.lang.String,java.lang.String)[pri:0, instance:tests.TC_001_LoginTest@31304f14]" started-at="2025-09-22T17:19:23 IST" name="loginTest" data-provider="LoginData" finished-at="2025-09-22T17:19:24 IST" duration-ms="433" status="PASS">
          <params>
            <param index="0">
              <value>
                <![CDATA[demousergmail.com]]>
              </value>
            </param>
            <param index="1">
              <value>
                <![CDATA[demouser1]]>
              </value>
            </param>
            <param index="2">
              <value>
                <![CDATA[BadEmail]]>
              </value>
            </param>
            <param index="3">
              <value>
                <![CDATA[Invalid email format]]>
              </value>
            </param>
          </params>
          <reporter-output>
          </reporter-output>
        </test-method> <!-- loginTest -->
        <test-method is-config="true" signature="teardown()[pri:0, instance:tests.TC_001_LoginTest@31304f14]" started-at="2025-09-22T17:19:24 IST" name="teardown" finished-at="2025-09-22T17:19:24 IST" duration-ms="523" status="PASS">
          <reporter-output>
          </reporter-output>
        </test-method> <!-- teardown -->
        <test-method is-config="true" signature="closeReport()[pri:0, instance:tests.TC_001_LoginTest@31304f14]" started-at="2025-09-22T17:21:57 IST" name="closeReport" finished-at="2025-09-22T17:21:58 IST" duration-ms="544" status="PASS">
          <reporter-output>
          </reporter-output>
        </test-method> <!-- closeReport -->
      </class> <!-- tests.TC_001_LoginTest -->
      <class name="tests.TC_006_NavigationTest">
        <test-method is-config="true" signature="setup()[pri:0, instance:tests.TC_006_NavigationTest@4d5d943d]" started-at="2025-09-22T17:19:00 IST" name="setup" finished-at="2025-09-22T17:19:00 IST" duration-ms="1" status="PASS">
          <reporter-output>
          </reporter-output>
        </test-method> <!-- setup -->
        <test-method is-config="true" signature="testDeatils()[pri:0, instance:tests.TC_006_NavigationTest@4d5d943d]" started-at="2025-09-22T17:20:39 IST" name="testDeatils" finished-at="2025-09-22T17:20:39 IST" duration-ms="1" status="PASS">
          <reporter-output>
          </reporter-output>
        </test-method> <!-- testDeatils -->
        <test-method is-config="true" signature="browserLaunchAndUrlLoad(java.lang.String,java.lang.String)[pri:0, instance:tests.TC_006_NavigationTest@4d5d943d]" started-at="2025-09-22T17:20:39 IST" name="browserLaunchAndUrlLoad" finished-at="2025-09-22T17:20:42 IST" duration-ms="3415" status="PASS">
          <params>
            <param index="0">
              <value>
                <![CDATA[Chrome]]>
              </value>
            </param>
            <param index="1">
              <value>
                <![CDATA[https://thinking-tester-contact-list.herokuapp.com/]]>
              </value>
            </param>
          </params>
          <reporter-output>
          </reporter-output>
        </test-method> <!-- browserLaunchAndUrlLoad -->
        <test-method signature="NavigationTest()[pri:1, instance:tests.TC_006_NavigationTest@4d5d943d]" started-at="2025-09-22T17:20:42 IST" name="NavigationTest" finished-at="2025-09-22T17:20:45 IST" duration-ms="3128" status="PASS">
          <reporter-output>
          </reporter-output>
        </test-method> <!-- NavigationTest -->
        <test-method is-config="true" signature="browserLaunchAndUrlLoad(java.lang.String,java.lang.String)[pri:0, instance:tests.TC_006_NavigationTest@4d5d943d]" started-at="2025-09-22T17:20:45 IST" name="browserLaunchAndUrlLoad" finished-at="2025-09-22T17:20:49 IST" duration-ms="3348" status="PASS">
          <params>
            <param index="0">
              <value>
                <![CDATA[Chrome]]>
              </value>
            </param>
            <param index="1">
              <value>
                <![CDATA[https://thinking-tester-contact-list.herokuapp.com/]]>
              </value>
            </param>
          </params>
          <reporter-output>
          </reporter-output>
        </test-method> <!-- browserLaunchAndUrlLoad -->
        <test-method signature="ActionButtonsVisibility()[pri:2, instance:tests.TC_006_NavigationTest@4d5d943d]" started-at="2025-09-22T17:20:49 IST" name="ActionButtonsVisibility" finished-at="2025-09-22T17:20:49 IST" duration-ms="140" status="PASS">
          <reporter-output>
          </reporter-output>
        </test-method> <!-- ActionButtonsVisibility -->
        <test-method is-config="true" signature="browserLaunchAndUrlLoad(java.lang.String,java.lang.String)[pri:0, instance:tests.TC_006_NavigationTest@4d5d943d]" started-at="2025-09-22T17:20:49 IST" name="browserLaunchAndUrlLoad" finished-at="2025-09-22T17:20:54 IST" duration-ms="4699" status="PASS">
          <params>
            <param index="0">
              <value>
                <![CDATA[Chrome]]>
              </value>
            </param>
            <param index="1">
              <value>
                <![CDATA[https://thinking-tester-contact-list.herokuapp.com/]]>
              </value>
            </param>
          </params>
          <reporter-output>
          </reporter-output>
        </test-method> <!-- browserLaunchAndUrlLoad -->
        <test-method signature="AddContactNavTest()[pri:3, instance:tests.TC_006_NavigationTest@4d5d943d]" started-at="2025-09-22T17:20:54 IST" name="AddContactNavTest" finished-at="2025-09-22T17:20:58 IST" duration-ms="4891" status="PASS">
          <reporter-output>
          </reporter-output>
        </test-method> <!-- AddContactNavTest -->
        <test-method is-config="true" signature="browserLaunchAndUrlLoad(java.lang.String,java.lang.String)[pri:0, instance:tests.TC_006_NavigationTest@4d5d943d]" started-at="2025-09-22T17:20:59 IST" name="browserLaunchAndUrlLoad" finished-at="2025-09-22T17:21:03 IST" duration-ms="4276" status="PASS">
          <params>
            <param index="0">
              <value>
                <![CDATA[Chrome]]>
              </value>
            </param>
            <param index="1">
              <value>
                <![CDATA[https://thinking-tester-contact-list.herokuapp.com/]]>
              </value>
            </param>
          </params>
          <reporter-output>
          </reporter-output>
        </test-method> <!-- browserLaunchAndUrlLoad -->
        <test-method signature="EditContactNavTest()[pri:4, instance:tests.TC_006_NavigationTest@4d5d943d]" started-at="2025-09-22T17:21:03 IST" name="EditContactNavTest" finished-at="2025-09-22T17:21:06 IST" duration-ms="2920" status="PASS">
          <reporter-output>
          </reporter-output>
        </test-method> <!-- EditContactNavTest -->
        <test-method is-config="true" signature="browserLaunchAndUrlLoad(java.lang.String,java.lang.String)[pri:0, instance:tests.TC_006_NavigationTest@4d5d943d]" started-at="2025-09-22T17:21:06 IST" name="browserLaunchAndUrlLoad" finished-at="2025-09-22T17:21:10 IST" duration-ms="4060" status="PASS">
          <params>
            <param index="0">
              <value>
                <![CDATA[Chrome]]>
              </value>
            </param>
            <param index="1">
              <value>
                <![CDATA[https://thinking-tester-contact-list.herokuapp.com/]]>
              </value>
            </param>
          </params>
          <reporter-output>
          </reporter-output>
        </test-method> <!-- browserLaunchAndUrlLoad -->
        <test-method signature="Logotest()[pri:4, instance:tests.TC_006_NavigationTest@4d5d943d]" started-at="2025-09-22T17:21:10 IST" name="Logotest" finished-at="2025-09-22T17:21:11 IST" duration-ms="734" status="PASS">
          <reporter-output>
          </reporter-output>
        </test-method> <!-- Logotest -->
        <test-method is-config="true" signature="teardown()[pri:0, instance:tests.TC_006_NavigationTest@4d5d943d]" started-at="2025-09-22T17:21:11 IST" name="teardown" finished-at="2025-09-22T17:21:12 IST" duration-ms="713" status="PASS">
          <reporter-output>
          </reporter-output>
        </test-method> <!-- teardown -->
      </class> <!-- tests.TC_006_NavigationTest -->
      <class name="tests.TC_005_DeleteContactTest">
        <test-method is-config="true" signature="setup()[pri:0, instance:tests.TC_005_DeleteContactTest@7c7b252e]" started-at="2025-09-22T17:19:00 IST" name="setup" finished-at="2025-09-22T17:19:00 IST" duration-ms="1" status="PASS">
          <reporter-output>
          </reporter-output>
        </test-method> <!-- setup -->
        <test-method signature="deleteContactTest()[pri:0, instance:tests.TC_005_DeleteContactTest@7c7b252e]" started-at="2025-09-22T17:20:12 IST" name="deleteContactTest" finished-at="2025-09-22T17:20:25 IST" duration-ms="12637" status="FAIL">
          <exception class="org.openqa.selenium.UnhandledAlertException">
            <message>
              <![CDATA[unexpected alert open: {Alert text : Are you sure you want to delete this contact?}
  (Session info: chrome=140.0.7339.128): Are you sure you want to delete this contact?
Build info: version: '4.34.0', revision: '707dcb4246*'
System info: os.name: 'Windows 11', os.arch: 'amd64', os.version: '10.0', java.version: '21.0.7'
Driver info: org.openqa.selenium.chrome.ChromeDriver
Command: [17adacf093df64d3ae208d4027160d13, screenshot {}]
Capabilities {acceptInsecureCerts: false, browserName: chrome, browserVersion: 140.0.7339.128, chrome: {chromedriverVersion: 140.0.7339.185 (eeea00e459e..., userDataDir: C:\Users\Faster\AppData\Loc...}, fedcm:accounts: true, goog:chromeOptions: {debuggerAddress: localhost:55676}, networkConnectionEnabled: false, pageLoadStrategy: normal, platformName: windows, proxy: Proxy(), se:cdp: ws://localhost:55676/devtoo..., se:cdpVersion: 140.0.7339.128, setWindowRect: true, strictFileInteractability: false, timeouts: {implicit: 0, pageLoad: 300000, script: 30000}, unhandledPromptBehavior: dismiss and notify, webauthn:extension:credBlob: true, webauthn:extension:largeBlob: true, webauthn:extension:minPinLength: true, webauthn:extension:prf: true, webauthn:virtualAuthenticators: true}
Session ID: 17adacf093df64d3ae208d4027160d13]]>
            </message>
            <full-stacktrace>
              <![CDATA[org.openqa.selenium.UnhandledAlertException: unexpected alert open: {Alert text : Are you sure you want to delete this contact?}
  (Session info: chrome=140.0.7339.128): Are you sure you want to delete this contact?
Build info: version: '4.34.0', revision: '707dcb4246*'
System info: os.name: 'Windows 11', os.arch: 'amd64', os.version: '10.0', java.version: '21.0.7'
Driver info: org.openqa.selenium.chrome.ChromeDriver
Command: [17adacf093df64d3ae208d4027160d13, screenshot {}]
Capabilities {acceptInsecureCerts: false, browserName: chrome, browserVersion: 140.0.7339.128, chrome: {chromedriverVersion: 140.0.7339.185 (eeea00e459e..., userDataDir: C:\Users\Faster\AppData\Loc...}, fedcm:accounts: true, goog:chromeOptions: {debuggerAddress: localhost:55676}, networkConnectionEnabled: false, pageLoadStrategy: normal, platformName: windows, proxy: Proxy(), se:cdp: ws://localhost:55676/devtoo..., se:cdpVersion: 140.0.7339.128, setWindowRect: true, strictFileInteractability: false, timeouts: {implicit: 0, pageLoad: 300000, script: 30000}, unhandledPromptBehavior: dismiss and notify, webauthn:extension:credBlob: true, webauthn:extension:largeBlob: true, webauthn:extension:minPinLength: true, webauthn:extension:prf: true, webauthn:virtualAuthenticators: true}
Session ID: 17adacf093df64d3ae208d4027160d13
at org.openqa.selenium.remote.codec.w3c.W3CHttpResponseCodec.decode(W3CHttpResponseCodec.java:136)
at org.openqa.selenium.remote.codec.w3c.W3CHttpResponseCodec.decode(W3CHttpResponseCodec.java:50)
at org.openqa.selenium.remote.HttpCommandExecutor.execute(HttpCommandExecutor.java:215)
at org.openqa.selenium.remote.service.DriverCommandExecutor.invokeExecute(DriverCommandExecutor.java:216)
at org.openqa.selenium.remote.service.DriverCommandExecutor.execute(DriverCommandExecutor.java:174)
at org.openqa.selenium.remote.RemoteWebDriver.execute(RemoteWebDriver.java:544)
at org.openqa.selenium.remote.RemoteWebDriver.execute(RemoteWebDriver.java:617)
at org.openqa.selenium.remote.RemoteWebDriver.execute(RemoteWebDriver.java:621)
at org.openqa.selenium.remote.RemoteWebDriver.getScreenshotAs(RemoteWebDriver.java:333)
at utils.Utility.screenShot(Utility.java:127)
at utils.Listeners.onTestSuccess(Listeners.java:22)
at org.testng.internal.TestListenerHelper.runTestListeners(TestListenerHelper.java:119)
at org.testng.internal.invokers.TestInvoker.runTestResultListener(TestInvoker.java:285)
at org.testng.internal.invokers.TestInvoker.invokeMethod(TestInvoker.java:777)
at org.testng.internal.invokers.TestInvoker.invokeTestMethod(TestInvoker.java:230)
at org.testng.internal.invokers.MethodRunner.runInSequence(MethodRunner.java:63)
at org.testng.internal.invokers.TestInvoker$MethodInvocationAgent.invoke(TestInvoker.java:995)
at org.testng.internal.invokers.TestInvoker.invokeTestMethods(TestInvoker.java:203)
at org.testng.internal.invokers.TestMethodWorker.invokeTestMethods(TestMethodWorker.java:154)
at org.testng.internal.invokers.TestMethodWorker.run(TestMethodWorker.java:134)
at java.base/java.util.ArrayList.forEach(ArrayList.java:1596)
at org.testng.TestRunner.privateRun(TestRunner.java:741)
at org.testng.TestRunner.run(TestRunner.java:616)
at org.testng.SuiteRunner.runTest(SuiteRunner.java:421)
at org.testng.SuiteRunner.runSequentially(SuiteRunner.java:413)
at org.testng.SuiteRunner.privateRun(SuiteRunner.java:373)
at org.testng.SuiteRunner.run(SuiteRunner.java:312)
at org.testng.SuiteRunnerWorker.runSuite(SuiteRunnerWorker.java:52)
at org.testng.SuiteRunnerWorker.run(SuiteRunnerWorker.java:95)
at org.testng.TestNG.runSuitesSequentially(TestNG.java:1274)
at org.testng.TestNG.runSuitesLocally(TestNG.java:1208)
at org.testng.TestNG.runSuites(TestNG.java:1112)
at org.testng.TestNG.run(TestNG.java:1079)
at org.apache.maven.surefire.testng.TestNGExecutor.run(TestNGExecutor.java:308)
at org.apache.maven.surefire.testng.TestNGXmlTestSuite.execute(TestNGXmlTestSuite.java:71)
at org.apache.maven.surefire.testng.TestNGProvider.invoke(TestNGProvider.java:113)
at org.apache.maven.surefire.booter.ForkedBooter.runSuitesInProcess(ForkedBooter.java:385)
at org.apache.maven.surefire.booter.ForkedBooter.execute(ForkedBooter.java:162)
at org.apache.maven.surefire.booter.ForkedBooter.run(ForkedBooter.java:507)
at org.apache.maven.surefire.booter.ForkedBooter.main(ForkedBooter.java:495)
]]>
            </full-stacktrace>
          </exception> <!-- org.openqa.selenium.UnhandledAlertException -->
          <reporter-output>
          </reporter-output>
        </test-method> <!-- deleteContactTest -->
        <test-method is-config="true" signature="testDeatils()[pri:0, instance:tests.TC_005_DeleteContactTest@7c7b252e]" started-at="2025-09-22T17:20:12 IST" name="testDeatils" finished-at="2025-09-22T17:20:12 IST" duration-ms="0" status="PASS">
          <reporter-output>
          </reporter-output>
        </test-method> <!-- testDeatils -->
        <test-method is-config="true" signature="browserLaunchAndUrlLoad(java.lang.String,java.lang.String)[pri:0, instance:tests.TC_005_DeleteContactTest@7c7b252e]" started-at="2025-09-22T17:20:12 IST" name="browserLaunchAndUrlLoad" finished-at="2025-09-22T17:20:16 IST" duration-ms="3599" status="PASS">
          <params>
            <param index="0">
              <value>
                <![CDATA[Chrome]]>
              </value>
            </param>
            <param index="1">
              <value>
                <![CDATA[https://thinking-tester-contact-list.herokuapp.com/]]>
              </value>
            </param>
          </params>
          <reporter-output>
          </reporter-output>
        </test-method> <!-- browserLaunchAndUrlLoad -->
        <test-method is-config="true" signature="browserLaunchAndUrlLoad(java.lang.String,java.lang.String)[pri:0, instance:tests.TC_005_DeleteContactTest@7c7b252e]" started-at="2025-09-22T17:20:25 IST" name="browserLaunchAndUrlLoad" finished-at="2025-09-22T17:20:29 IST" duration-ms="3278" status="PASS">
          <params>
            <param index="0">
              <value>
                <![CDATA[Chrome]]>
              </value>
            </param>
            <param index="1">
              <value>
                <![CDATA[https://thinking-tester-contact-list.herokuapp.com/]]>
              </value>
            </param>
          </params>
          <reporter-output>
          </reporter-output>
        </test-method> <!-- browserLaunchAndUrlLoad -->
        <test-method signature="verificationofcontactdelete()[pri:0, instance:tests.TC_005_DeleteContactTest@7c7b252e]" started-at="2025-09-22T17:20:29 IST" name="verificationofcontactdelete" finished-at="2025-09-22T17:20:38 IST" duration-ms="9337" status="PASS">
          <reporter-output>
          </reporter-output>
        </test-method> <!-- verificationofcontactdelete -->
        <test-method is-config="true" signature="teardown()[pri:0, instance:tests.TC_005_DeleteContactTest@7c7b252e]" started-at="2025-09-22T17:20:38 IST" name="teardown" finished-at="2025-09-22T17:20:39 IST" duration-ms="325" status="PASS">
          <reporter-output>
          </reporter-output>
        </test-method> <!-- teardown -->
      </class> <!-- tests.TC_005_DeleteContactTest -->
      <class name="tests.TC_004_EditContactTest">
        <test-method is-config="true" signature="setup()[pri:0, instance:tests.TC_004_EditContactTest@368f2016]" started-at="2025-09-22T17:19:00 IST" name="setup" finished-at="2025-09-22T17:19:00 IST" duration-ms="1" status="PASS">
          <reporter-output>
          </reporter-output>
        </test-method> <!-- setup -->
        <test-method is-config="true" signature="testDeatils()[pri:0, instance:tests.TC_004_EditContactTest@368f2016]" started-at="2025-09-22T17:21:12 IST" name="testDeatils" finished-at="2025-09-22T17:21:12 IST" duration-ms="1" status="PASS">
          <reporter-output>
          </reporter-output>
        </test-method> <!-- testDeatils -->
        <test-method is-config="true" signature="browserLaunchAndUrlLoad(java.lang.String,java.lang.String)[pri:0, instance:tests.TC_004_EditContactTest@368f2016]" started-at="2025-09-22T17:21:12 IST" name="browserLaunchAndUrlLoad" finished-at="2025-09-22T17:21:15 IST" duration-ms="2922" status="PASS">
          <params>
            <param index="0">
              <value>
                <![CDATA[Chrome]]>
              </value>
            </param>
            <param index="1">
              <value>
                <![CDATA[https://thinking-tester-contact-list.herokuapp.com/]]>
              </value>
            </param>
          </params>
          <reporter-output>
          </reporter-output>
        </test-method> <!-- browserLaunchAndUrlLoad -->
        <test-method signature="editlastname()[pri:1, instance:tests.TC_004_EditContactTest@368f2016]" started-at="2025-09-22T17:21:15 IST" name="editlastname" finished-at="2025-09-22T17:21:23 IST" duration-ms="8913" status="PASS">
          <reporter-output>
          </reporter-output>
        </test-method> <!-- editlastname -->
        <test-method is-config="true" signature="browserLaunchAndUrlLoad(java.lang.String,java.lang.String)[pri:0, instance:tests.TC_004_EditContactTest@368f2016]" started-at="2025-09-22T17:21:24 IST" name="browserLaunchAndUrlLoad" finished-at="2025-09-22T17:21:28 IST" duration-ms="4066" status="PASS">
          <params>
            <param index="0">
              <value>
                <![CDATA[Chrome]]>
              </value>
            </param>
            <param index="1">
              <value>
                <![CDATA[https://thinking-tester-contact-list.herokuapp.com/]]>
              </value>
            </param>
          </params>
          <reporter-output>
          </reporter-output>
        </test-method> <!-- browserLaunchAndUrlLoad -->
        <test-method signature="editContactTest()[pri:2, instance:tests.TC_004_EditContactTest@368f2016]" started-at="2025-09-22T17:21:28 IST" name="editContactTest" finished-at="2025-09-22T17:21:43 IST" duration-ms="14851" status="PASS">
          <reporter-output>
          </reporter-output>
        </test-method> <!-- editContactTest -->
        <test-method is-config="true" signature="browserLaunchAndUrlLoad(java.lang.String,java.lang.String)[pri:0, instance:tests.TC_004_EditContactTest@368f2016]" started-at="2025-09-22T17:21:43 IST" name="browserLaunchAndUrlLoad" finished-at="2025-09-22T17:21:46 IST" duration-ms="3053" status="PASS">
          <params>
            <param index="0">
              <value>
                <![CDATA[Chrome]]>
              </value>
            </param>
            <param index="1">
              <value>
                <![CDATA[https://thinking-tester-contact-list.herokuapp.com/]]>
              </value>
            </param>
          </params>
          <reporter-output>
          </reporter-output>
        </test-method> <!-- browserLaunchAndUrlLoad -->
        <test-method signature="editcancel()[pri:3, instance:tests.TC_004_EditContactTest@368f2016]" started-at="2025-09-22T17:21:46 IST" name="editcancel" finished-at="2025-09-22T17:21:56 IST" duration-ms="10420" status="PASS">
          <reporter-output>
          </reporter-output>
        </test-method> <!-- editcancel -->
        <test-method is-config="true" signature="teardown()[pri:0, instance:tests.TC_004_EditContactTest@368f2016]" started-at="2025-09-22T17:21:57 IST" name="teardown" finished-at="2025-09-22T17:21:57 IST" duration-ms="303" status="PASS">
          <reporter-output>
          </reporter-output>
        </test-method> <!-- teardown -->
      </class> <!-- tests.TC_004_EditContactTest -->
    </test> <!-- Test -->
  </suite> <!-- Suite -->
</testng-results>
