<?xml version="1.0" encoding="UTF-8"?>
<testsuite xmlns:xsi="http://www.w3.org/2001/XMLSchema-instance" xsi:noNamespaceSchemaLocation="https://maven.apache.org/surefire/maven-surefire-plugin/xsd/surefire-test-report-3.0.xsd" version="3.0" name="TestSuite" time="178.687" tests="22" errors="0" skipped="0" failures="1">
  <properties>
[...]
</properties>
  <testcase name="loginTest[demouser33@gmail.com, demouser1, Valid, Contact List](1)" classname="tests.TC_001_LoginTest" time="0.745">
    <system-out><![CDATA[2025-09-22T11:49:00.842737900Z main ERROR Log4j API could not find a logging provider.
]]></system-out>
    <system-err><![CDATA[SLF4J(W): No SLF4J providers were found.
SLF4J(W): Defaulting to no-operation (NOP) logger implementation
SLF4J(W): See https://www.slf4j.org/codes.html#noProviders for further details.
Ability to run JUnit tests via TestNG was deprecated in v7.7.0 and is NOW being removed permanently. If you would like to run a mixture of TestNG and JUnit tests then please take a look at  https://github.com/junit-team/testng-engine which is now maintained by the JUnit team
Ability to run JUnit tests via TestNG was deprecated in v7.7.0 and is NOW being removed permanently. If you would like to run a mixture of TestNG and JUnit tests then please take a look at  https://github.com/junit-team/testng-engine which is now maintained by the JUnit team
Sep 22, 2025 5:19:10 PM org.openqa.selenium.devtools.CdpVersionFinder findNearestMatch
WARNING: Unable to find an exact match for CDP version 140, returning the closest version; found: 138; Please update to a Selenium version that supports CDP version 140
]]></system-err>
  </testcase>
  <testcase name="loginTest[demouser@gmail.com, demouser, Invalid, Incorrect email or password](2)" classname="tests.TC_001_LoginTest" time="0.613">
    <system-err><![CDATA[Sep 22, 2025 5:19:14 PM org.openqa.selenium.devtools.CdpVersionFinder findNearestMatch
WARNING: Unable to find an exact match for CDP version 140, returning the closest version; found: 138; Please update to a Selenium version that supports CDP version 140
]]></system-err>
  </testcase>
  <testcase name="loginTest[ , demouser1, NoEmail, Email is required](3)" classname="tests.TC_001_LoginTest" time="0.479">
    <system-err><![CDATA[Sep 22, 2025 5:19:17 PM org.openqa.selenium.devtools.CdpVersionFinder findNearestMatch
WARNING: Unable to find an exact match for CDP version 140, returning the closest version; found: 138; Please update to a Selenium version that supports CDP version 140
]]></system-err>
  </testcase>
  <testcase name="loginTest[demousergmail.com, demouser1, BadEmail, Invalid email format](4)" classname="tests.TC_001_LoginTest" time="0.55">
    <system-err><![CDATA[Sep 22, 2025 5:19:21 PM org.openqa.selenium.devtools.CdpVersionFinder findNearestMatch
WARNING: Unable to find an exact match for CDP version 140, returning the closest version; found: 138; Please update to a Selenium version that supports CDP version 140
]]></system-err>
  </testcase>
  <testcase name="addContactTest[demouser33@gmail.com, demouser1, Haresh, kumar, 1999-10-03, hareshkumar@gmail.com, 1234567890, Street 1, Apt 2, pri, tn, 638052, IND, Valid, Contact added successfully](1)" classname="tests.TC_003_AddContactTest" time="4.152">
    <system-err><![CDATA[Sep 22, 2025 5:19:26 PM org.openqa.selenium.devtools.CdpVersionFinder findNearestMatch
WARNING: Unable to find an exact match for CDP version 140, returning the closest version; found: 138; Please update to a Selenium version that supports CDP version 140
]]></system-err>
  </testcase>
  <testcase name="addContactTest[demouser33@gmail.com, demouser1,  ,  ,  , user@gamil.com, 1234567890, Street 3, Apt 4, pri, tn, 638052, IND, No Name, First Name is required, Last Name is required](2)" classname="tests.TC_003_AddContactTest" time="3.299">
    <system-err><![CDATA[Sep 22, 2025 5:19:34 PM org.openqa.selenium.devtools.CdpVersionFinder findNearestMatch
WARNING: Unable to find an exact match for CDP version 140, returning the closest version; found: 138; Please update to a Selenium version that supports CDP version 140
]]></system-err>
  </testcase>
  <testcase name="addContactTest[demouser33@gmail.com, demouser1, Akshaya, Saravanaraja, 1996-09-25, akshaya@gmail.com, abcdefg, Road 5, road5, pri, tn, 638052, IND, Invalid Phone,  ](3)" classname="tests.TC_003_AddContactTest" time="3.409">
    <system-err><![CDATA[Sep 22, 2025 5:19:41 PM org.openqa.selenium.devtools.CdpVersionFinder findNearestMatch
WARNING: Unable to find an exact match for CDP version 140, returning the closest version; found: 138; Please update to a Selenium version that supports CDP version 140
]]></system-err>
  </testcase>
  <testcase name="addContactTest[demouser33@gmail.com, demouser1, Dharun, kumar, 1995-10-29, dharunkumar@gmail.com, 1234567890, Street 1, Apt 2, pri, tn, 638052, IND, Duplicate, Contact added successfully](4)" classname="tests.TC_003_AddContactTest" time="3.27">
    <system-err><![CDATA[Sep 22, 2025 5:19:48 PM org.openqa.selenium.devtools.CdpVersionFinder findNearestMatch
WARNING: Unable to find an exact match for CDP version 140, returning the closest version; found: 138; Please update to a Selenium version that supports CDP version 140
]]></system-err>
  </testcase>
  <testcase name="signUpTest[Dharun, Kumar, dharunkumar@gmail.com, demo@123, Valid, Login](1)" classname="tests.TC_002_SignUpTest" time="1.431">
    <system-err><![CDATA[Sep 22, 2025 5:19:55 PM org.openqa.selenium.devtools.CdpVersionFinder findNearestMatch
WARNING: Unable to find an exact match for CDP version 140, returning the closest version; found: 138; Please update to a Selenium version that supports CDP version 140
]]></system-err>
  </testcase>
  <testcase name="signUpTest[Haresh, Kumar, hareshkumar@gmail.com, demo123, Mismatch, Passwords do not match](2)" classname="tests.TC_002_SignUpTest" time="1.709">
    <system-err><![CDATA[Sep 22, 2025 5:20:00 PM org.openqa.selenium.devtools.CdpVersionFinder findNearestMatch
WARNING: Unable to find an exact match for CDP version 140, returning the closest version; found: 138; Please update to a Selenium version that supports CDP version 140
]]></system-err>
  </testcase>
  <testcase name="signUpTest[ ,  ,  ,  , BlankFields, Required field messages shown](3)" classname="tests.TC_002_SignUpTest" time="1.583">
    <system-err><![CDATA[Sep 22, 2025 5:20:04 PM org.openqa.selenium.devtools.CdpVersionFinder findNearestMatch
WARNING: Unable to find an exact match for CDP version 140, returning the closest version; found: 138; Please update to a Selenium version that supports CDP version 140
]]></system-err>
  </testcase>
  <testcase name="signUpTest[Nithulan, Dharun, dharunkumar@gmail.com, demo@123, Duplicate, Email already exists](4)" classname="tests.TC_002_SignUpTest" time="1.208">
    <system-err><![CDATA[Sep 22, 2025 5:20:09 PM org.openqa.selenium.devtools.CdpVersionFinder findNearestMatch
WARNING: Unable to find an exact match for CDP version 140, returning the closest version; found: 138; Please update to a Selenium version that supports CDP version 140
]]></system-err>
  </testcase>
  <testcase name="deleteContactTest" classname="tests.TC_005_DeleteContactTest" time="9.491">
    <failure message="unexpected alert open: {Alert text : Are you sure you want to delete this contact?}&#10;  (Session info: chrome=140.0.7339.128): Are you sure you want to delete this contact?&#10;Build info: version: &apos;4.34.0&apos;, revision: &apos;707dcb4246*&apos;&#10;System info: os.name: &apos;Windows 11&apos;, os.arch: &apos;amd64&apos;, os.version: &apos;10.0&apos;, java.version: &apos;21.0.7&apos;&#10;Driver info: org.openqa.selenium.chrome.ChromeDriver&#10;Command: [17adacf093df64d3ae208d4027160d13, screenshot {}]&#10;Capabilities {acceptInsecureCerts: false, browserName: chrome, browserVersion: 140.0.7339.128, chrome: {chromedriverVersion: 140.0.7339.185 (eeea00e459e..., userDataDir: C:\Users\Faster\AppData\Loc...}, fedcm:accounts: true, goog:chromeOptions: {debuggerAddress: localhost:55676}, networkConnectionEnabled: false, pageLoadStrategy: normal, platformName: windows, proxy: Proxy(), se:cdp: ws://localhost:55676/devtoo..., se:cdpVersion: 140.0.7339.128, setWindowRect: true, strictFileInteractability: false, timeouts: {implicit: 0, pageLoad: 300000, script: 30000}, unhandledPromptBehavior: dismiss and notify, webauthn:extension:credBlob: true, webauthn:extension:largeBlob: true, webauthn:extension:minPinLength: true, webauthn:extension:prf: true, webauthn:virtualAuthenticators: true}&#10;Session ID: 17adacf093df64d3ae208d4027160d13" type="org.openqa.selenium.UnhandledAlertException"><![CDATA[org.openqa.selenium.UnhandledAlertException: 
unexpected alert open: {Alert text : Are you sure you want to delete this contact?}
  (Session info: chrome=140.0.7339.128): Are you sure you want to delete this contact?
Build info: version: '4.34.0', revision: '707dcb4246*'
System info: os.name: 'Windows 11', os.arch: 'amd64', os.version: '10.0', java.version: '21.0.7'
Driver info: org.openqa.selenium.chrome.ChromeDriver
Command: [17adacf093df64d3ae208d4027160d13, screenshot {}]
Capabilities {acceptInsecureCerts: false, browserName: chrome, browserVersion: 140.0.7339.128, chrome: {chromedriverVersion: 140.0.7339.185 (eeea00e459e..., userDataDir: C:\Users\Faster\AppData\Loc...}, fedcm:accounts: true, goog:chromeOptions: {debuggerAddress: localhost:55676}, networkConnectionEnabled: false, pageLoadStrategy: normal, platformName: windows, proxy: Proxy(), se:cdp: ws://localhost:55676/devtoo..., se:cdpVersion: 140.0.7339.128, setWindowRect: true, strictFileInteractability: false, timeouts: {implicit: 0, pageLoad: 300000, script: 30000}, unhandledPromptBehavior: dismiss and notify, webauthn:extension:credBlob: true, webauthn:extension:largeBlob: true, webauthn:extension:minPinLength: true, webauthn:extension:prf: true, webauthn:virtualAuthenticators: true}
Session ID: 17adacf093df64d3ae208d4027160d13
	at org.openqa.selenium.remote.codec.w3c.W3CHttpResponseCodec.decode(W3CHttpResponseCodec.java:136)
	at org.openqa.selenium.remote.codec.w3c.W3CHttpResponseCodec.decode(W3CHttpResponseCodec.java:50)
	at org.openqa.selenium.remote.HttpCommandExecutor.execute(HttpCommandExecutor.java:215)
	at org.openqa.selenium.remote.service.DriverCommandExecutor.invokeExecute(DriverCommandExecutor.java:216)
	at org.openqa.selenium.remote.service.DriverCommandExecutor.execute(DriverCommandExecutor.java:174)
	at org.openqa.selenium.remote.RemoteWebDriver.execute(RemoteWebDriver.java:544)
	at org.openqa.selenium.remote.RemoteWebDriver.execute(RemoteWebDriver.java:617)
	at org.openqa.selenium.remote.RemoteWebDriver.execute(RemoteWebDriver.java:621)
	at org.openqa.selenium.remote.RemoteWebDriver.getScreenshotAs(RemoteWebDriver.java:333)
	at utils.Utility.screenShot(Utility.java:127)
	at utils.Listeners.onTestSuccess(Listeners.java:22)
	at org.testng.internal.TestListenerHelper.runTestListeners(TestListenerHelper.java:119)
	at org.testng.internal.invokers.TestInvoker.runTestResultListener(TestInvoker.java:285)
	at org.testng.internal.invokers.TestInvoker.invokeMethod(TestInvoker.java:777)
	at org.testng.internal.invokers.TestInvoker.invokeTestMethod(TestInvoker.java:230)
	at org.testng.internal.invokers.MethodRunner.runInSequence(MethodRunner.java:63)
	at org.testng.internal.invokers.TestInvoker$MethodInvocationAgent.invoke(TestInvoker.java:995)
	at org.testng.internal.invokers.TestInvoker.invokeTestMethods(TestInvoker.java:203)
	at org.testng.internal.invokers.TestMethodWorker.invokeTestMethods(TestMethodWorker.java:154)
	at org.testng.internal.invokers.TestMethodWorker.run(TestMethodWorker.java:134)
	at java.base/java.util.ArrayList.forEach(ArrayList.java:1596)
	at org.testng.TestRunner.privateRun(TestRunner.java:741)
	at org.testng.TestRunner.run(TestRunner.java:616)
	at org.testng.SuiteRunner.runTest(SuiteRunner.java:421)
	at org.testng.SuiteRunner.runSequentially(SuiteRunner.java:413)
	at org.testng.SuiteRunner.privateRun(SuiteRunner.java:373)
	at org.testng.SuiteRunner.run(SuiteRunner.java:312)
	at org.testng.SuiteRunnerWorker.runSuite(SuiteRunnerWorker.java:52)
	at org.testng.SuiteRunnerWorker.run(SuiteRunnerWorker.java:95)
	at org.testng.TestNG.runSuitesSequentially(TestNG.java:1274)
	at org.testng.TestNG.runSuitesLocally(TestNG.java:1208)
	at org.testng.TestNG.runSuites(TestNG.java:1112)
	at org.testng.TestNG.run(TestNG.java:1079)
	at org.apache.maven.surefire.testng.TestNGExecutor.run(TestNGExecutor.java:308)
	at org.apache.maven.surefire.testng.TestNGXmlTestSuite.execute(TestNGXmlTestSuite.java:71)
	at org.apache.maven.surefire.testng.TestNGProvider.invoke(TestNGProvider.java:113)
	at org.apache.maven.surefire.booter.ForkedBooter.runSuitesInProcess(ForkedBooter.java:385)
	at org.apache.maven.surefire.booter.ForkedBooter.execute(ForkedBooter.java:162)
	at org.apache.maven.surefire.booter.ForkedBooter.run(ForkedBooter.java:507)
	at org.apache.maven.surefire.booter.ForkedBooter.main(ForkedBooter.java:495)
]]></failure>
    <system-err><![CDATA[Sep 22, 2025 5:20:14 PM org.openqa.selenium.devtools.CdpVersionFinder findNearestMatch
WARNING: Unable to find an exact match for CDP version 140, returning the closest version; found: 138; Please update to a Selenium version that supports CDP version 140
]]></system-err>
  </testcase>
  <testcase name="verificationofcontactdelete" classname="tests.TC_005_DeleteContactTest" time="9.527">
    <system-err><![CDATA[Sep 22, 2025 5:20:27 PM org.openqa.selenium.devtools.CdpVersionFinder findNearestMatch
WARNING: Unable to find an exact match for CDP version 140, returning the closest version; found: 138; Please update to a Selenium version that supports CDP version 140
]]></system-err>
  </testcase>
  <testcase name="NavigationTest" classname="tests.TC_006_NavigationTest" time="3.23">
    <system-err><![CDATA[Sep 22, 2025 5:20:40 PM org.openqa.selenium.devtools.CdpVersionFinder findNearestMatch
WARNING: Unable to find an exact match for CDP version 140, returning the closest version; found: 138; Please update to a Selenium version that supports CDP version 140
]]></system-err>
  </testcase>
  <testcase name="ActionButtonsVisibility" classname="tests.TC_006_NavigationTest" time="0.311">
    <system-err><![CDATA[Sep 22, 2025 5:20:47 PM org.openqa.selenium.devtools.CdpVersionFinder findNearestMatch
WARNING: Unable to find an exact match for CDP version 140, returning the closest version; found: 138; Please update to a Selenium version that supports CDP version 140
]]></system-err>
  </testcase>
  <testcase name="AddContactNavTest" classname="tests.TC_006_NavigationTest" time="5.013">
    <system-err><![CDATA[Sep 22, 2025 5:20:52 PM org.openqa.selenium.devtools.CdpVersionFinder findNearestMatch
WARNING: Unable to find an exact match for CDP version 140, returning the closest version; found: 138; Please update to a Selenium version that supports CDP version 140
]]></system-err>
  </testcase>
  <testcase name="EditContactNavTest" classname="tests.TC_006_NavigationTest" time="3.157">
    <system-err><![CDATA[Sep 22, 2025 5:21:00 PM org.openqa.selenium.devtools.CdpVersionFinder findNearestMatch
WARNING: Unable to find an exact match for CDP version 140, returning the closest version; found: 138; Please update to a Selenium version that supports CDP version 140
]]></system-err>
  </testcase>
  <testcase name="Logotest" classname="tests.TC_006_NavigationTest" time="0.848">
    <system-err><![CDATA[Sep 22, 2025 5:21:08 PM org.openqa.selenium.devtools.CdpVersionFinder findNearestMatch
WARNING: Unable to find an exact match for CDP version 140, returning the closest version; found: 138; Please update to a Selenium version that supports CDP version 140
]]></system-err>
  </testcase>
  <testcase name="editlastname" classname="tests.TC_004_EditContactTest" time="9.184">
    <system-err><![CDATA[Sep 22, 2025 5:21:13 PM org.openqa.selenium.devtools.CdpVersionFinder findNearestMatch
WARNING: Unable to find an exact match for CDP version 140, returning the closest version; found: 138; Please update to a Selenium version that supports CDP version 140
]]></system-err>
  </testcase>
  <testcase name="editContactTest" classname="tests.TC_004_EditContactTest" time="15.082">
    <system-err><![CDATA[Sep 22, 2025 5:21:26 PM org.openqa.selenium.devtools.CdpVersionFinder findNearestMatch
WARNING: Unable to find an exact match for CDP version 140, returning the closest version; found: 138; Please update to a Selenium version that supports CDP version 140
]]></system-err>
  </testcase>
  <testcase name="editcancel" classname="tests.TC_004_EditContactTest" time="10.614">
    <system-err><![CDATA[Sep 22, 2025 5:21:44 PM org.openqa.selenium.devtools.CdpVersionFinder findNearestMatch
WARNING: Unable to find an exact match for CDP version 140, returning the closest version; found: 138; Please update to a Selenium version that supports CDP version 140
]]></system-err>
  </testcase>
</testsuite>